Failed to run 'pdflatex' to create pdf to preview.


Errors:
/home/aghiles/Aghiles/tool/config/text/sublime-text-3/Cache/LaTeXTools/internal/preview_math/ab9f5473281114df52a8d5a476c4d299.tex:41: Extra \right. [\right)}]
/home/aghiles/Aghiles/tool/config/text/sublime-text-3/Cache/LaTeXTools/internal/preview_math/ab9f5473281114df52a8d5a476c4d299.tex:41: Extra \right. [\right)}]
/home/aghiles/Aghiles/tool/config/text/sublime-text-3/Cache/LaTeXTools/internal/preview_math/ab9f5473281114df52a8d5a476c4d299.tex:41: Extra \right. [\right)}]
/home/aghiles/Aghiles/tool/config/text/sublime-text-3/Cache/LaTeXTools/internal/preview_math/ab9f5473281114df52a8d5a476c4d299.tex:41: Extra \right. [\right)}]
/home/aghiles/Aghiles/tool/config/text/sublime-text-3/Cache/LaTeXTools/internal/preview_math/ab9f5473281114df52a8d5a476c4d299.tex:41: Missing $ inserted. [\right)}]
/home/aghiles/Aghiles/tool/config/text/sublime-text-3/Cache/LaTeXTools/internal/preview_math/ab9f5473281114df52a8d5a476c4d299.tex:41: Missing } inserted. [\right)}]
/home/aghiles/Aghiles/tool/config/text/sublime-text-3/Cache/LaTeXTools/internal/preview_math/ab9f5473281114df52a8d5a476c4d299.tex:41: Missing \cr inserted. [\right)}]
/home/aghiles/Aghiles/tool/config/text/sublime-text-3/Cache/LaTeXTools/internal/preview_math/ab9f5473281114df52a8d5a476c4d299.tex:41: Missing $ inserted. [\right)}]
/home/aghiles/Aghiles/tool/config/text/sublime-text-3/Cache/LaTeXTools/internal/preview_math/ab9f5473281114df52a8d5a476c4d299.tex:41: Missing } inserted. [\right)}]
/home/aghiles/Aghiles/tool/config/text/sublime-text-3/Cache/LaTeXTools/internal/preview_math/ab9f5473281114df52a8d5a476c4d299.tex:41: Forbidden control sequence found while scanning definition of \@preamble. [\right)}]
/home/aghiles/Aghiles/tool/config/text/sublime-text-3/Cache/LaTeXTools/internal/preview_math/ab9f5473281114df52a8d5a476c4d299.tex:41: Missing } inserted. [\right)}]
/home/aghiles/Aghiles/tool/config/text/sublime-text-3/Cache/LaTeXTools/internal/preview_math/ab9f5473281114df52a8d5a476c4d299.tex:41: Missing $ inserted. [\right)}]
/home/aghiles/Aghiles/tool/config/text/sublime-text-3/Cache/LaTeXTools/internal/preview_math/ab9f5473281114df52a8d5a476c4d299.tex:41: Missing \endgroup inserted. [\right)}]
/home/aghiles/Aghiles/tool/config/text/sublime-text-3/Cache/LaTeXTools/internal/preview_math/ab9f5473281114df52a8d5a476c4d299.tex:41: Missing \right. inserted. [\right)}]
/home/aghiles/Aghiles/tool/config/text/sublime-text-3/Cache/LaTeXTools/internal/preview_math/ab9f5473281114df52a8d5a476c4d299.tex:41: Missing \right. inserted. [\right)}]
/home/aghiles/Aghiles/tool/config/text/sublime-text-3/Cache/LaTeXTools/internal/preview_math/ab9f5473281114df52a8d5a476c4d299.tex:41: Extra \right. [\right)}]
/home/aghiles/Aghiles/tool/config/text/sublime-text-3/Cache/LaTeXTools/internal/preview_math/ab9f5473281114df52a8d5a476c4d299.tex:41: Extra \right. [\right)}]
/home/aghiles/Aghiles/tool/config/text/sublime-text-3/Cache/LaTeXTools/internal/preview_math/ab9f5473281114df52a8d5a476c4d299.tex:41: Extra \right. [\right)}]
/home/aghiles/Aghiles/tool/config/text/sublime-text-3/Cache/LaTeXTools/internal/preview_math/ab9f5473281114df52a8d5a476c4d299.tex:41: Extra \right. [\right)}]
/home/aghiles/Aghiles/tool/config/text/sublime-text-3/Cache/LaTeXTools/internal/preview_math/ab9f5473281114df52a8d5a476c4d299.tex:41: Extra \right. [\right)}]
/home/aghiles/Aghiles/tool/config/text/sublime-text-3/Cache/LaTeXTools/internal/preview_math/ab9f5473281114df52a8d5a476c4d299.tex:41: Missing \right. inserted. [\right)}]
/home/aghiles/Aghiles/tool/config/text/sublime-text-3/Cache/LaTeXTools/internal/preview_math/ab9f5473281114df52a8d5a476c4d299.tex:41: Extra \right. [\right)}]
/home/aghiles/Aghiles/tool/config/text/sublime-text-3/Cache/LaTeXTools/internal/preview_math/ab9f5473281114df52a8d5a476c4d299.tex:41: Extra }, or forgotten $. [\right)}]
/home/aghiles/Aghiles/tool/config/text/sublime-text-3/Cache/LaTeXTools/internal/preview_math/ab9f5473281114df52a8d5a476c4d299.tex:42: LaTeX Error: \begin{array} on input line 41 ended by \end{equation*}. [\end{equation*}]
/home/aghiles/Aghiles/tool/config/text/sublime-text-3/Cache/LaTeXTools/internal/preview_math/ab9f5473281114df52a8d5a476c4d299.tex:42: Missing $ inserted. [\end{equation*}]
/home/aghiles/Aghiles/tool/config/text/sublime-text-3/Cache/LaTeXTools/internal/preview_math/ab9f5473281114df52a8d5a476c4d299.tex:42: Missing } inserted. [\end{equation*}]
/home/aghiles/Aghiles/tool/config/text/sublime-text-3/Cache/LaTeXTools/internal/preview_math/ab9f5473281114df52a8d5a476c4d299.tex:42: Missing \cr inserted. [\end{equation*}]
/home/aghiles/Aghiles/tool/config/text/sublime-text-3/Cache/LaTeXTools/internal/preview_math/ab9f5473281114df52a8d5a476c4d299.tex:42: Missing $ inserted. [\end{equation*}]
/home/aghiles/Aghiles/tool/config/text/sublime-text-3/Cache/LaTeXTools/internal/preview_math/ab9f5473281114df52a8d5a476c4d299.tex:42: Missing } inserted. [\end{equation*}]
/home/aghiles/Aghiles/tool/config/text/sublime-text-3/Cache/LaTeXTools/internal/preview_math/ab9f5473281114df52a8d5a476c4d299.tex:43: Missing \right. inserted. [\end{document}]
/home/aghiles/Aghiles/tool/config/text/sublime-text-3/Cache/LaTeXTools/internal/preview_math/ab9f5473281114df52a8d5a476c4d299.tex:43: Missing $ inserted. [\end{document}]
/home/aghiles/Aghiles/tool/config/text/sublime-text-3/Cache/LaTeXTools/internal/preview_math/ab9f5473281114df52a8d5a476c4d299.tex:43: Missing } inserted. [\end{document}]
/home/aghiles/Aghiles/tool/config/text/sublime-text-3/Cache/LaTeXTools/internal/preview_math/ab9f5473281114df52a8d5a476c4d299.tex:43: Missing \cr inserted. [\end{document}]
/home/aghiles/Aghiles/tool/config/text/sublime-text-3/Cache/LaTeXTools/internal/preview_math/ab9f5473281114df52a8d5a476c4d299.tex:43: Missing { inserted. [\end{document}]
/home/aghiles/Aghiles/tool/config/text/sublime-text-3/Cache/LaTeXTools/internal/preview_math/ab9f5473281114df52a8d5a476c4d299.tex:43: Missing $ inserted. [\end{document}]
/home/aghiles/Aghiles/tool/config/text/sublime-text-3/Cache/LaTeXTools/internal/preview_math/ab9f5473281114df52a8d5a476c4d299.tex:43: Missing } inserted. [\end{document}]
/home/aghiles/Aghiles/tool/config/text/sublime-text-3/Cache/LaTeXTools/internal/preview_math/ab9f5473281114df52a8d5a476c4d299.tex:43: Missing } inserted. [\end{document}]
/home/aghiles/Aghiles/tool/config/text/sublime-text-3/Cache/LaTeXTools/internal/preview_math/ab9f5473281114df52a8d5a476c4d299.tex:43: LaTeX Error: \begin{array} on input line 41 ended by \end{document}. [\end{document}]
/home/aghiles/Aghiles/tool/config/text/sublime-text-3/Cache/LaTeXTools/internal/preview_math/ab9f5473281114df52a8d5a476c4d299.tex:43: Improper \prevdepth. [\end{document}]
/home/aghiles/Aghiles/tool/config/text/sublime-text-3/Cache/LaTeXTools/internal/preview_math/ab9f5473281114df52a8d5a476c4d299.tex:43: Missing $ inserted. [\end{document}]
/home/aghiles/Aghiles/tool/config/text/sublime-text-3/Cache/LaTeXTools/internal/preview_math/ab9f5473281114df52a8d5a476c4d299.tex:43: Missing \right. inserted. [\end{document}]
/home/aghiles/Aghiles/tool/config/text/sublime-text-3/Cache/LaTeXTools/internal/preview_math/ab9f5473281114df52a8d5a476c4d299.tex:43: Missing } inserted. [\end{document}]
/home/aghiles/Aghiles/tool/config/text/sublime-text-3/Cache/LaTeXTools/internal/preview_math/ab9f5473281114df52a8d5a476c4d299.tex:43: Missing \cr inserted. [\end{document}]
/home/aghiles/Aghiles/tool/config/text/sublime-text-3/Cache/LaTeXTools/internal/preview_math/ab9f5473281114df52a8d5a476c4d299.tex:43: Missing { inserted. [\end{document}]
/home/aghiles/Aghiles/tool/config/text/sublime-text-3/Cache/LaTeXTools/internal/preview_math/ab9f5473281114df52a8d5a476c4d299.tex:43: Missing $ inserted. [\end{document}]
/home/aghiles/Aghiles/tool/config/text/sublime-text-3/Cache/LaTeXTools/internal/preview_math/ab9f5473281114df52a8d5a476c4d299.tex:43: Missing } inserted. [\end{document}]
/home/aghiles/Aghiles/tool/config/text/sublime-text-3/Cache/LaTeXTools/internal/preview_math/ab9f5473281114df52a8d5a476c4d299.tex:43: You can't use `\end' in internal vertical mode. [\end{document}]
/home/aghiles/Aghiles/tool/config/text/sublime-text-3/Cache/LaTeXTools/internal/preview_math/ab9f5473281114df52a8d5a476c4d299.tex:43: LaTeX Error: \begin{array} on input line 41 ended by \end{document}. [\end{document}]
/home/aghiles/Aghiles/tool/config/text/sublime-text-3/Cache/LaTeXTools/internal/preview_math/ab9f5473281114df52a8d5a476c4d299.tex:43: Missing } inserted. [\end{document}]

LaTeX document:
-----BEGIN DOCUMENT-----

\documentclass[preview,border=0.3pt]{standalone}
% import xcolor if available and not already present
\IfFileExists{xcolor.sty}{\usepackage{xcolor}}{}%
\usepackage{amsmath}
\usepackage{amssymb}
\IfFileExists{latexsym.sty}{\usepackage{latexsym}}{}
\IfFileExists{mathtools.sty}{\usepackage{mathtools}}{}

\begin{document}
% set the foreground color
\IfFileExists{xcolor.sty}{\color[HTML]{CCCCCC}}{}%
\begin{equation*}
\gamma=\frac{\left(\begin{array}{l}
{n} \\
{2}
\right) \sum_{i=1}^{k_{1}} \sum_{j=1}^{k_{2}}\left(\begin{array}{c}
{n_{i j}} \\
{2}
\right)-\sum_{i=1}^{k_{1}}\left(\begin{array}{c}
{\left|C_{i}\right|} \\
{2}
\right) \sum_{j=1}^{k_{2}}\left(\begin{array}{c}
{\left|C_{j}^{\prime}\right|} \\
{2}
\right)}{\frac{1}{2}\left(\begin{array}{c}
{k_{1}} \\
{2}
\right)\left[\sum_{i=1}^{k_{1}}\left(\begin{array}{c}
{\left|C_{i}\right|} \\
{2}
\right)+\sum_{j=1}^{k_{2}}\left(\begin{array}{c}
{\left|C_{j}^{\prime}\right|} \\
{2}
\right)\right]-\sum_{i=1}^{k_{1}}\left(\begin{array}{c}
{\left|C_{i}\right|} \\
{2}
\right) \sum_{j=1}^{k_{2}}\left({c}
{\left|C_{j}^{\prime}\right|} \\
{2}
\right)}
\end{equation*}
\end{document}

-----END DOCUMENT-----

Log file:
-----BEGIN LOG-----
This is pdfTeX, Version 3.14159265-2.6-1.40.19 (TeX Live 2019/dev/Debian) (preloaded format=pdflatex 2019.12.25)  8 JAN 2020 03:33
entering extended mode
 restricted \write18 enabled.
 %&-line parsing enabled.
**ab9f5473281114df52a8d5a476c4d299.tex
(./ab9f5473281114df52a8d5a476c4d299.tex
LaTeX2e <2018-12-01>
(/usr/share/texlive/texmf-dist/tex/latex/standalone/standalone.cls
Document Class: standalone 2018/03/26 v1.3a Class to compile TeX sub-files stan
dalone
(/usr/share/texlive/texmf-dist/tex/latex/tools/shellesc.sty
Package: shellesc 2016/06/07 v0.02a unified shell escape interface for LaTeX
Package shellesc Info: Restricted shell escape enabled on input line 69.
)
(/usr/share/texlive/texmf-dist/tex/generic/oberdiek/ifluatex.sty
Package: ifluatex 2016/05/16 v1.4 Provides the ifluatex switch (HO)
Package ifluatex Info: LuaTeX not detected.
)
(/usr/share/texlive/texmf-dist/tex/generic/oberdiek/ifpdf.sty
Package: ifpdf 2018/09/07 v3.3 Provides the ifpdf switch
)
(/usr/share/texlive/texmf-dist/tex/generic/ifxetex/ifxetex.sty
Package: ifxetex 2010/09/12 v0.6 Provides ifxetex conditional
)
(/usr/share/texlive/texmf-dist/tex/latex/xkeyval/xkeyval.sty
Package: xkeyval 2014/12/03 v2.7a package option processing (HA)

(/usr/share/texlive/texmf-dist/tex/generic/xkeyval/xkeyval.tex
(/usr/share/texlive/texmf-dist/tex/generic/xkeyval/xkvutils.tex
\XKV@toks=\toks14
\XKV@tempa@toks=\toks15

(/usr/share/texlive/texmf-dist/tex/generic/xkeyval/keyval.tex))
\XKV@depth=\count80
File: xkeyval.tex 2014/12/03 v2.7a key=value parser (HA)
))
\sa@internal=\count81
\c@sapage=\count82

(/usr/share/texlive/texmf-dist/tex/latex/standalone/standalone.cfg
File: standalone.cfg 2018/03/26 v1.3a Default configuration file for 'standalon
e' class
)
(/usr/share/texlive/texmf-dist/tex/latex/base/article.cls
Document Class: article 2018/09/03 v1.4i Standard LaTeX document class
(/usr/share/texlive/texmf-dist/tex/latex/base/size10.clo
File: size10.clo 2018/09/03 v1.4i Standard LaTeX file (size option)
)
\c@part=\count83
\c@section=\count84
\c@subsection=\count85
\c@subsubsection=\count86
\c@paragraph=\count87
\c@subparagraph=\count88
\c@figure=\count89
\c@table=\count90
\abovecaptionskip=\skip41
\belowcaptionskip=\skip42
\bibindent=\dimen102
)
(/usr/share/texmf/tex/latex/preview/preview.sty
Package: preview 2017/04/24 11.91 (AUCTeX/preview-latex)

(/usr/share/texlive/texmf-dist/tex/generic/luatex85/luatex85.sty
Package: luatex85 2016/06/15 v1.4 pdftex aliases for luatex
)
(/usr/share/texmf/tex/latex/preview/prtightpage.def
\PreviewBorder=\dimen103
)
\pr@snippet=\count91
\pr@box=\box27
\pr@output=\toks16
))
(/usr/share/texlive/texmf-dist/tex/latex/xcolor/xcolor.sty
Package: xcolor 2016/05/11 v2.12 LaTeX color extensions (UK)

(/usr/share/texlive/texmf-dist/tex/latex/graphics-cfg/color.cfg
File: color.cfg 2016/01/02 v1.6 sample color configuration
)
Package xcolor Info: Driver file: pdftex.def on input line 225.

(/usr/share/texlive/texmf-dist/tex/latex/graphics-def/pdftex.def
File: pdftex.def 2018/01/08 v1.0l Graphics/color driver for pdftex
)
Package xcolor Info: Model `cmy' substituted by `cmy0' on input line 1348.
Package xcolor Info: Model `hsb' substituted by `rgb' on input line 1352.
Package xcolor Info: Model `RGB' extended on input line 1364.
Package xcolor Info: Model `HTML' substituted by `rgb' on input line 1366.
Package xcolor Info: Model `Hsb' substituted by `hsb' on input line 1367.
Package xcolor Info: Model `tHsb' substituted by `hsb' on input line 1368.
Package xcolor Info: Model `HSB' substituted by `hsb' on input line 1369.
Package xcolor Info: Model `Gray' substituted by `gray' on input line 1370.
Package xcolor Info: Model `wave' substituted by `hsb' on input line 1371.
)
(/usr/share/texlive/texmf-dist/tex/latex/amsmath/amsmath.sty
Package: amsmath 2018/12/01 v2.17b AMS math features
\@mathmargin=\skip43

For additional information on amsmath, use the `?' option.
(/usr/share/texlive/texmf-dist/tex/latex/amsmath/amstext.sty
Package: amstext 2000/06/29 v2.01 AMS text

(/usr/share/texlive/texmf-dist/tex/latex/amsmath/amsgen.sty
File: amsgen.sty 1999/11/30 v2.0 generic functions
\@emptytoks=\toks17
\ex@=\dimen104
))
(/usr/share/texlive/texmf-dist/tex/latex/amsmath/amsbsy.sty
Package: amsbsy 1999/11/29 v1.2d Bold Symbols
\pmbraise@=\dimen105
)
(/usr/share/texlive/texmf-dist/tex/latex/amsmath/amsopn.sty
Package: amsopn 2016/03/08 v2.02 operator names
)
\inf@bad=\count92
LaTeX Info: Redefining \frac on input line 223.
\uproot@=\count93
\leftroot@=\count94
LaTeX Info: Redefining \overline on input line 385.
\classnum@=\count95
\DOTSCASE@=\count96
LaTeX Info: Redefining \ldots on input line 482.
LaTeX Info: Redefining \dots on input line 485.
LaTeX Info: Redefining \cdots on input line 606.
\Mathstrutbox@=\box28
\strutbox@=\box29
\big@size=\dimen106
LaTeX Font Info:    Redeclaring font encoding OML on input line 729.
LaTeX Font Info:    Redeclaring font encoding OMS on input line 730.
\macc@depth=\count97
\c@MaxMatrixCols=\count98
\dotsspace@=\muskip10
\c@parentequation=\count99
\dspbrk@lvl=\count100
\tag@help=\toks18
\row@=\count101
\column@=\count102
\maxfields@=\count103
\andhelp@=\toks19
\eqnshift@=\dimen107
\alignsep@=\dimen108
\tagshift@=\dimen109
\tagwidth@=\dimen110
\totwidth@=\dimen111
\lineht@=\dimen112
\@envbody=\toks20
\multlinegap=\skip44
\multlinetaggap=\skip45
\mathdisplay@stack=\toks21
LaTeX Info: Redefining \[ on input line 2844.
LaTeX Info: Redefining \] on input line 2845.
)
(/usr/share/texlive/texmf-dist/tex/latex/amsfonts/amssymb.sty
Package: amssymb 2013/01/14 v3.01 AMS font symbols

(/usr/share/texlive/texmf-dist/tex/latex/amsfonts/amsfonts.sty
Package: amsfonts 2013/01/14 v3.01 Basic AMSFonts support
\symAMSa=\mathgroup4
\symAMSb=\mathgroup5
LaTeX Font Info:    Overwriting math alphabet `\mathfrak' in version `bold'
(Font)                  U/euf/m/n --> U/euf/b/n on input line 106.
))
(/usr/share/texlive/texmf-dist/tex/latex/base/latexsym.sty
Package: latexsym 1998/08/17 v2.2e Standard LaTeX package (lasy symbols)
\symlasy=\mathgroup6
LaTeX Font Info:    Overwriting symbol font `lasy' in version `bold'
(Font)                  U/lasy/m/n --> U/lasy/b/n on input line 52.
)
(/usr/share/texlive/texmf-dist/tex/latex/mathtools/mathtools.sty
Package: mathtools 2018/01/08 v1.21 mathematical typesetting tools

(/usr/share/texlive/texmf-dist/tex/latex/tools/calc.sty
Package: calc 2017/05/25 v4.3 Infix arithmetic (KKT,FJ)
\calc@Acount=\count104
\calc@Bcount=\count105
\calc@Adimen=\dimen113
\calc@Bdimen=\dimen114
\calc@Askip=\skip46
\calc@Bskip=\skip47
LaTeX Info: Redefining \setlength on input line 80.
LaTeX Info: Redefining \addtolength on input line 81.
\calc@Ccount=\count106
\calc@Cskip=\skip48
)
(/usr/share/texlive/texmf-dist/tex/latex/mathtools/mhsetup.sty
Package: mhsetup 2017/03/31 v1.3 programming setup (MH)
)
LaTeX Info: Thecontrolsequence`\('isalreadyrobust on input line 129.
LaTeX Info: Thecontrolsequence`\)'isalreadyrobust on input line 129.
LaTeX Info: Thecontrolsequence`\['isalreadyrobust on input line 129.
LaTeX Info: Thecontrolsequence`\]'isalreadyrobust on input line 129.
\g_MT_multlinerow_int=\count107
\l_MT_multwidth_dim=\dimen115
\origjot=\skip49
\l_MT_shortvdotswithinadjustabove_dim=\dimen116
\l_MT_shortvdotswithinadjustbelow_dim=\dimen117
\l_MT_above_intertext_sep=\dimen118
\l_MT_below_intertext_sep=\dimen119
\l_MT_above_shortintertext_sep=\dimen120
\l_MT_below_shortintertext_sep=\dimen121
)
No file ab9f5473281114df52a8d5a476c4d299.aux.
\openout1 = `ab9f5473281114df52a8d5a476c4d299.aux'.

LaTeX Font Info:    Checking defaults for OML/cmm/m/it on input line 10.
LaTeX Font Info:    ... okay on input line 10.
LaTeX Font Info:    Checking defaults for T1/cmr/m/n on input line 10.
LaTeX Font Info:    ... okay on input line 10.
LaTeX Font Info:    Checking defaults for OT1/cmr/m/n on input line 10.
LaTeX Font Info:    ... okay on input line 10.
LaTeX Font Info:    Checking defaults for OMS/cmsy/m/n on input line 10.
LaTeX Font Info:    ... okay on input line 10.
LaTeX Font Info:    Checking defaults for OMX/cmex/m/n on input line 10.
LaTeX Font Info:    ... okay on input line 10.
LaTeX Font Info:    Checking defaults for U/cmr/m/n on input line 10.
LaTeX Font Info:    ... okay on input line 10.
Preview: Fontsize 10pt
Preview: PDFoutput 1
(/usr/share/texlive/texmf-dist/tex/context/base/mkii/supp-pdf.mkii
[Loading MPS to PDF converter (version 2006.09.02).]
\scratchcounter=\count108
\scratchdimen=\dimen122
\scratchbox=\box30
\nofMPsegments=\count109
\nofMParguments=\count110
\everyMPshowfont=\toks22
\MPscratchCnt=\count111
\MPscratchDim=\dimen123
\MPnumerator=\count112
\makeMPintoPDFobject=\count113
\everyMPtoPDFconversion=\toks23
) (/usr/share/texlive/texmf-dist/tex/latex/graphics/graphicx.sty
Package: graphicx 2017/06/01 v1.1a Enhanced LaTeX Graphics (DPC,SPQR)

(/usr/share/texlive/texmf-dist/tex/latex/graphics/graphics.sty
Package: graphics 2017/06/25 v1.2c Standard LaTeX Graphics (DPC,SPQR)

(/usr/share/texlive/texmf-dist/tex/latex/graphics/trig.sty
Package: trig 2016/01/03 v1.10 sin cos tan (DPC)
)
(/usr/share/texlive/texmf-dist/tex/latex/graphics-cfg/graphics.cfg
File: graphics.cfg 2016/06/04 v1.11 sample graphics configuration
)
Package graphics Info: Driver file: pdftex.def on input line 99.
)
\Gin@req@height=\dimen124
\Gin@req@width=\dimen125
)
LaTeX Font Info:    Try loading font information for U+msa on input line 13.

(/usr/share/texlive/texmf-dist/tex/latex/amsfonts/umsa.fd
File: umsa.fd 2013/01/14 v3.01 AMS symbols A
)
LaTeX Font Info:    Try loading font information for U+msb on input line 13.

(/usr/share/texlive/texmf-dist/tex/latex/amsfonts/umsb.fd
File: umsb.fd 2013/01/14 v3.01 AMS symbols B
)
LaTeX Font Info:    Try loading font information for U+lasy on input line 13.

(/usr/share/texlive/texmf-dist/tex/latex/base/ulasy.fd
File: ulasy.fd 1998/08/17 v2.2e LaTeX symbol font definitions
)
! Extra \right.
<argument> ...begin {array}{l} {n} \\ {2} \right )
                                                   \sum _{i=1}^{k_{1}} \sum ...
l.41 \right)}
             
I'm ignoring a \right that had no matching \left.

! Extra \right.
<argument> ...{array}{c} {n_{i j}} \\ {2} \right )
                                                  -\sum _{i=1}^{k_{1}}\left ...
l.41 \right)}
             
I'm ignoring a \right that had no matching \left.

! Extra \right.
<argument> ...left |C_{i}\right |} \\ {2} \right )
                                                   \sum _{j=1}^{k_{2}}\left ...
l.41 \right)}
             
I'm ignoring a \right that had no matching \left.

! Extra \right.
<argument> ...}^{\prime }\right |} \\ {2} \right )
                                                  
l.41 \right)}
             
I'm ignoring a \right that had no matching \left.

! Missing $ inserted.
<inserted text> 
                $
l.41 \right)}
             
I've inserted something that you may have forgotten.
(See the <inserted text> above.)
With luck, this will get me unwedged. But if you
really didn't forget anything, try typing `2' now; then
my insertion and my current dilemma will both disappear.

! Missing } inserted.
<inserted text> 
                }
l.41 \right)}
             
I've inserted something that you may have forgotten.
(See the <inserted text> above.)
With luck, this will get me unwedged. But if you
really didn't forget anything, try typing `2' now; then
my insertion and my current dilemma will both disappear.

! Missing \cr inserted.
<inserted text> 
                \cr 
l.41 \right)}
             
I'm guessing that you meant to end an alignment here.

! Missing $ inserted.
<inserted text> 
                $
l.41 \right)}
             
I've inserted a begin-math/end-math symbol since I think
you left one out. Proceed, with fingers crossed.

! Missing } inserted.
<inserted text> 
                }
l.41 \right)}
             
I've inserted something that you may have forgotten.
(See the <inserted text> above.)
With luck, this will get me unwedged. But if you
really didn't forget anything, try typing `2' now; then
my insertion and my current dilemma will both disappear.

Runaway definition?
->\everycr {}\tabskip \z@skip \halign \@halignto \bgroup \relax \unhcopy \ETC.
! Forbidden control sequence found while scanning definition of \@preamble.
<inserted text> 
                }
l.41 \right)}
             
I suspect you have forgotten a `}', causing me
to read past where you wanted me to stop.
I'll try to recover; but if the error is serious,
you'd better type `E' or `X' now and fix your file.

! Missing } inserted.
<inserted text> 
                }
l.41 \right)}
             
I've inserted something that you may have forgotten.
(See the <inserted text> above.)
With luck, this will get me unwedged. But if you
really didn't forget anything, try typing `2' now; then
my insertion and my current dilemma will both disappear.

! Missing $ inserted.
<inserted text> 
                $
l.41 \right)}
             
I've inserted a begin-math/end-math symbol since I think
you left one out. Proceed, with fingers crossed.

! Missing \endgroup inserted.
<inserted text> 
                \endgroup 
l.41 \right)}
             
I've inserted something that you may have forgotten.
(See the <inserted text> above.)
With luck, this will get me unwedged. But if you
really didn't forget anything, try typing `2' now; then
my insertion and my current dilemma will both disappear.

! Missing \right. inserted.
<inserted text> 
                \right .
l.41 \right)}
             
I've inserted something that you may have forgotten.
(See the <inserted text> above.)
With luck, this will get me unwedged. But if you
really didn't forget anything, try typing `2' now; then
my insertion and my current dilemma will both disappear.

! Missing \right. inserted.
<inserted text> 
                \right .
l.41 \right)}
             
I've inserted something that you may have forgotten.
(See the <inserted text> above.)
With luck, this will get me unwedged. But if you
really didn't forget anything, try typing `2' now; then
my insertion and my current dilemma will both disappear.

! Extra \right.
<argument> ...n {array}{c} {k_{1}} \\ {2} \right )
                                                  \left [\sum _{i=1}^{k_{1}}...
l.41 \right)}
             
I'm ignoring a \right that had no matching \left.

! Extra \right.
<argument> ...left |C_{i}\right |} \\ {2} \right )
                                                  +\sum _{j=1}^{k_{2}}\left ...
l.41 \right)}
             
I'm ignoring a \right that had no matching \left.

! Extra \right.
<argument> ...}^{\prime }\right |} \\ {2} \right )
                                                  \right ]-\sum _{i=1}^{k_{1...
l.41 \right)}
             
I'm ignoring a \right that had no matching \left.

! Extra \right.
<argument> ...e }\right |} \\ {2} \right )\right ]
                                                  -\sum _{i=1}^{k_{1}}\left ...
l.41 \right)}
             
I'm ignoring a \right that had no matching \left.

! Extra \right.
<argument> ...left |C_{i}\right |} \\ {2} \right )
                                                   \sum _{j=1}^{k_{2}}\left ...
l.41 \right)}
             
I'm ignoring a \right that had no matching \left.

! Missing \right. inserted.
<inserted text> 
                \right .
l.41 \right)}
             
I've inserted something that you may have forgotten.
(See the <inserted text> above.)
With luck, this will get me unwedged. But if you
really didn't forget anything, try typing `2' now; then
my insertion and my current dilemma will both disappear.

! Extra \right.
<argument> ...}^{\prime }\right |} \\ {2} \right )
                                                  
l.41 \right)}
             
I'm ignoring a \right that had no matching \left.

! Extra }, or forgotten $.
\frac  #1#2->{\begingroup #1\endgroup \@@over #2}
                                                 
l.41 \right)}
             
I've deleted a group-closing symbol because it seems to be
spurious, as in `$x}$'. But perhaps the } is legitimate and
you forgot something else, as in `\hbox{$x}'. In such cases
the way to recover is to insert both the forgotten and the
deleted material, e.g., by typing `I$}'.


! LaTeX Error: \begin{array} on input line 41 ended by \end{equation*}.

See the LaTeX manual or LaTeX Companion for explanation.
Type  H <return>  for immediate help.
 ...                                              
                                                  
l.42 \end{equation*}
                    
Your command was ignored.
Type  I <command> <return>  to replace it with another command,
or  <return>  to continue without it.

! Missing $ inserted.
<inserted text> 
                $
l.42 \end{equation*}
                    
I've inserted something that you may have forgotten.
(See the <inserted text> above.)
With luck, this will get me unwedged. But if you
really didn't forget anything, try typing `2' now; then
my insertion and my current dilemma will both disappear.

! Missing } inserted.
<inserted text> 
                }
l.42 \end{equation*}
                    
I've inserted something that you may have forgotten.
(See the <inserted text> above.)
With luck, this will get me unwedged. But if you
really didn't forget anything, try typing `2' now; then
my insertion and my current dilemma will both disappear.

! Missing \cr inserted.
<inserted text> 
                \cr 
l.42 \end{equation*}
                    
I'm guessing that you meant to end an alignment here.

! Missing $ inserted.
<inserted text> 
                $
l.42 \end{equation*}
                    
I've inserted a begin-math/end-math symbol since I think
you left one out. Proceed, with fingers crossed.

! Missing } inserted.
<inserted text> 
                }
l.42 \end{equation*}
                    
I've inserted something that you may have forgotten.
(See the <inserted text> above.)
With luck, this will get me unwedged. But if you
really didn't forget anything, try typing `2' now; then
my insertion and my current dilemma will both disappear.

! Missing \right. inserted.
<inserted text> 
                \right .
l.43 \end{document}
                   
I've inserted something that you may have forgotten.
(See the <inserted text> above.)
With luck, this will get me unwedged. But if you
really didn't forget anything, try typing `2' now; then
my insertion and my current dilemma will both disappear.

! Missing $ inserted.
<inserted text> 
                $
l.43 \end{document}
                   
I've inserted something that you may have forgotten.
(See the <inserted text> above.)
With luck, this will get me unwedged. But if you
really didn't forget anything, try typing `2' now; then
my insertion and my current dilemma will both disappear.

! Missing } inserted.
<inserted text> 
                }
l.43 \end{document}
                   
I've inserted something that you may have forgotten.
(See the <inserted text> above.)
With luck, this will get me unwedged. But if you
really didn't forget anything, try typing `2' now; then
my insertion and my current dilemma will both disappear.

! Missing \cr inserted.
<inserted text> 
                \cr 
l.43 \end{document}
                   
I'm guessing that you meant to end an alignment here.

! Missing { inserted.
<inserted text> 
                {
l.43 \end{document}
                   
I've put in what seems to be necessary to fix
the current column of the current alignment.
Try to go on, since this might almost work.

! Missing $ inserted.
<inserted text> 
                $
l.43 \end{document}
                   
I've inserted a begin-math/end-math symbol since I think
you left one out. Proceed, with fingers crossed.

! Missing } inserted.
<inserted text> 
                }
l.43 \end{document}
                   
I've inserted something that you may have forgotten.
(See the <inserted text> above.)
With luck, this will get me unwedged. But if you
really didn't forget anything, try typing `2' now; then
my insertion and my current dilemma will both disappear.

! Missing } inserted.
<inserted text> 
                }
l.43 \end{document}
                   
I've inserted something that you may have forgotten.
(See the <inserted text> above.)
With luck, this will get me unwedged. But if you
really didn't forget anything, try typing `2' now; then
my insertion and my current dilemma will both disappear.


! LaTeX Error: \begin{array} on input line 41 ended by \end{document}.

See the LaTeX manual or LaTeX Companion for explanation.
Type  H <return>  for immediate help.
 ...                                              
                                                  
l.43 \end{document}
                   
Your command was ignored.
Type  I <command> <return>  to replace it with another command,
or  <return>  to continue without it.

! Improper \prevdepth.
\newpage ...everypar {}\fi \par \ifdim \prevdepth 
                                                  >\z@ \vskip -\ifdim \prevd...
l.43 \end{document}
                   
You can refer to \spacefactor only in horizontal mode;
you can refer to \prevdepth only in vertical mode; and
neither of these is meaningful inside \write. So
I'm forgetting what you said and using zero instead.

! Missing $ inserted.
<inserted text> 
                $
l.43 \end{document}
                   
I've inserted a begin-math/end-math symbol since I think
you left one out. Proceed, with fingers crossed.

! Missing \right. inserted.
<inserted text> 
                \right .
l.43 \end{document}
                   
I've inserted something that you may have forgotten.
(See the <inserted text> above.)
With luck, this will get me unwedged. But if you
really didn't forget anything, try typing `2' now; then
my insertion and my current dilemma will both disappear.

! Missing } inserted.
<inserted text> 
                }
l.43 \end{document}
                   
I've inserted something that you may have forgotten.
(See the <inserted text> above.)
With luck, this will get me unwedged. But if you
really didn't forget anything, try typing `2' now; then
my insertion and my current dilemma will both disappear.

! Missing \cr inserted.
<inserted text> 
                \cr 
l.43 \end{document}
                   
I'm guessing that you meant to end an alignment here.

! Missing { inserted.
<inserted text> 
                {
l.43 \end{document}
                   
I've put in what seems to be necessary to fix
the current column of the current alignment.
Try to go on, since this might almost work.

! Missing $ inserted.
<inserted text> 
                $
l.43 \end{document}
                   
I've inserted a begin-math/end-math symbol since I think
you left one out. Proceed, with fingers crossed.

! Missing } inserted.
<inserted text> 
                }
l.43 \end{document}
                   
I've inserted something that you may have forgotten.
(See the <inserted text> above.)
With luck, this will get me unwedged. But if you
really didn't forget anything, try typing `2' now; then
my insertion and my current dilemma will both disappear.

(./ab9f5473281114df52a8d5a476c4d299.aux)
! You can't use `\end' in internal vertical mode.
\enddocument ... \endgroup \deadcycles \z@ \@@end 
                                                  
l.43 \end{document}
                   
Sorry, but I'm not programmed to handle this case;
I'll just pretend that you didn't ask for it.
If you're in the wrong mode, you might be able to
return to the right one by typing `I}' or `I$' or `I\par'.


! LaTeX Error: \begin{array} on input line 41 ended by \end{document}.

See the LaTeX manual or LaTeX Companion for explanation.
Type  H <return>  for immediate help.
 ...                                              
                                                  
l.43 \end{document}
                   
Your command was ignored.
Type  I <command> <return>  to replace it with another command,
or  <return>  to continue without it.

! Missing } inserted.
<inserted text> 
                }
l.43 \end{document}
                   
I've inserted something that you may have forgotten.
(See the <inserted text> above.)
With luck, this will get me unwedged. But if you
really didn't forget anything, try typing `2' now; then
my insertion and my current dilemma will both disappear.

)
! Emergency stop.
<*> ab9f5473281114df52a8d5a476c4d299.tex
                                        
*** (job aborted, no legal \end found)

 
Here is how much of TeX's memory you used:
 3399 strings out of 492615
 47040 string characters out of 6131389
 117884 words of memory out of 5000000
 7273 multiletter control sequences out of 15000+600000
 5657 words of font info for 25 fonts, out of 8000000 for 9000
 1141 hyphenation exceptions out of 8191
 34i,43n,56p,260b,462s stack positions out of 5000i,500n,10000p,200000b,80000s
!  ==> Fatal error occurred, no output PDF file produced!

-----END LOG-----