Failed to run 'pdflatex' to create pdf to preview.


Errors:
/home/aghiles/Aghiles/Tool/aghiles/config/2-text/sublime-text-3/Cache/LaTeXTools/internal/preview_math/becb1e56d05df182fa79b3584aeefed7.tex:23: Missing $ inserted. [}]
/home/aghiles/Aghiles/Tool/aghiles/config/2-text/sublime-text-3/Cache/LaTeXTools/internal/preview_math/becb1e56d05df182fa79b3584aeefed7.tex:23: Misplaced \cr. [}]
/home/aghiles/Aghiles/Tool/aghiles/config/2-text/sublime-text-3/Cache/LaTeXTools/internal/preview_math/becb1e56d05df182fa79b3584aeefed7.tex:23: Misplaced \cr. [}]
/home/aghiles/Aghiles/Tool/aghiles/config/2-text/sublime-text-3/Cache/LaTeXTools/internal/preview_math/becb1e56d05df182fa79b3584aeefed7.tex:23: Misplaced \crcr. [}]
/home/aghiles/Aghiles/Tool/aghiles/config/2-text/sublime-text-3/Cache/LaTeXTools/internal/preview_math/becb1e56d05df182fa79b3584aeefed7.tex:23: Extra }, or forgotten $. [}]
/home/aghiles/Aghiles/Tool/aghiles/config/2-text/sublime-text-3/Cache/LaTeXTools/internal/preview_math/becb1e56d05df182fa79b3584aeefed7.tex:23: Extra }, or forgotten $. [}]
/home/aghiles/Aghiles/Tool/aghiles/config/2-text/sublime-text-3/Cache/LaTeXTools/internal/preview_math/becb1e56d05df182fa79b3584aeefed7.tex:23: Missing $ inserted. [}]
/home/aghiles/Aghiles/Tool/aghiles/config/2-text/sublime-text-3/Cache/LaTeXTools/internal/preview_math/becb1e56d05df182fa79b3584aeefed7.tex:23: Missing } inserted. [}]
/home/aghiles/Aghiles/Tool/aghiles/config/2-text/sublime-text-3/Cache/LaTeXTools/internal/preview_math/becb1e56d05df182fa79b3584aeefed7.tex:23: Missing } inserted. [}]
/home/aghiles/Aghiles/Tool/aghiles/config/2-text/sublime-text-3/Cache/LaTeXTools/internal/preview_math/becb1e56d05df182fa79b3584aeefed7.tex:23: Missing } inserted. [}]
/home/aghiles/Aghiles/Tool/aghiles/config/2-text/sublime-text-3/Cache/LaTeXTools/internal/preview_math/becb1e56d05df182fa79b3584aeefed7.tex:23: Missing { inserted. [}]
/home/aghiles/Aghiles/Tool/aghiles/config/2-text/sublime-text-3/Cache/LaTeXTools/internal/preview_math/becb1e56d05df182fa79b3584aeefed7.tex:23: Missing } inserted. [}]
/home/aghiles/Aghiles/Tool/aghiles/config/2-text/sublime-text-3/Cache/LaTeXTools/internal/preview_math/becb1e56d05df182fa79b3584aeefed7.tex:23: Missing { inserted. [}]
/home/aghiles/Aghiles/Tool/aghiles/config/2-text/sublime-text-3/Cache/LaTeXTools/internal/preview_math/becb1e56d05df182fa79b3584aeefed7.tex:23: Missing } inserted. [}]
/home/aghiles/Aghiles/Tool/aghiles/config/2-text/sublime-text-3/Cache/LaTeXTools/internal/preview_math/becb1e56d05df182fa79b3584aeefed7.tex:23: Missing { inserted. [}]
/home/aghiles/Aghiles/Tool/aghiles/config/2-text/sublime-text-3/Cache/LaTeXTools/internal/preview_math/becb1e56d05df182fa79b3584aeefed7.tex:23: Missing } inserted. [}]
/home/aghiles/Aghiles/Tool/aghiles/config/2-text/sublime-text-3/Cache/LaTeXTools/internal/preview_math/becb1e56d05df182fa79b3584aeefed7.tex:23: Missing } inserted. [}]
/home/aghiles/Aghiles/Tool/aghiles/config/2-text/sublime-text-3/Cache/LaTeXTools/internal/preview_math/becb1e56d05df182fa79b3584aeefed7.tex:23: Missing $ inserted. [}]
/home/aghiles/Aghiles/Tool/aghiles/config/2-text/sublime-text-3/Cache/LaTeXTools/internal/preview_math/becb1e56d05df182fa79b3584aeefed7.tex:23: Missing } inserted. [}]
/home/aghiles/Aghiles/Tool/aghiles/config/2-text/sublime-text-3/Cache/LaTeXTools/internal/preview_math/becb1e56d05df182fa79b3584aeefed7.tex:23: Missing \cr inserted. [}]
/home/aghiles/Aghiles/Tool/aghiles/config/2-text/sublime-text-3/Cache/LaTeXTools/internal/preview_math/becb1e56d05df182fa79b3584aeefed7.tex:23: Missing } inserted. [}]
/home/aghiles/Aghiles/Tool/aghiles/config/2-text/sublime-text-3/Cache/LaTeXTools/internal/preview_math/becb1e56d05df182fa79b3584aeefed7.tex:23: Missing \cr inserted. [}]
/home/aghiles/Aghiles/Tool/aghiles/config/2-text/sublime-text-3/Cache/LaTeXTools/internal/preview_math/becb1e56d05df182fa79b3584aeefed7.tex:23: Missing } inserted. [}]
/home/aghiles/Aghiles/Tool/aghiles/config/2-text/sublime-text-3/Cache/LaTeXTools/internal/preview_math/becb1e56d05df182fa79b3584aeefed7.tex:23: Missing \cr inserted. [}]
/home/aghiles/Aghiles/Tool/aghiles/config/2-text/sublime-text-3/Cache/LaTeXTools/internal/preview_math/becb1e56d05df182fa79b3584aeefed7.tex:23: Missing } inserted. [}]
/home/aghiles/Aghiles/Tool/aghiles/config/2-text/sublime-text-3/Cache/LaTeXTools/internal/preview_math/becb1e56d05df182fa79b3584aeefed7.tex:23: Missing \cr inserted. [}]
/home/aghiles/Aghiles/Tool/aghiles/config/2-text/sublime-text-3/Cache/LaTeXTools/internal/preview_math/becb1e56d05df182fa79b3584aeefed7.tex:23: Missing } inserted. [}]
/home/aghiles/Aghiles/Tool/aghiles/config/2-text/sublime-text-3/Cache/LaTeXTools/internal/preview_math/becb1e56d05df182fa79b3584aeefed7.tex:23: Missing \cr inserted. [}]
/home/aghiles/Aghiles/Tool/aghiles/config/2-text/sublime-text-3/Cache/LaTeXTools/internal/preview_math/becb1e56d05df182fa79b3584aeefed7.tex:23: Missing } inserted. [}]
/home/aghiles/Aghiles/Tool/aghiles/config/2-text/sublime-text-3/Cache/LaTeXTools/internal/preview_math/becb1e56d05df182fa79b3584aeefed7.tex:23: Missing \cr inserted. [}]
/home/aghiles/Aghiles/Tool/aghiles/config/2-text/sublime-text-3/Cache/LaTeXTools/internal/preview_math/becb1e56d05df182fa79b3584aeefed7.tex:23: Missing } inserted. [}]
/home/aghiles/Aghiles/Tool/aghiles/config/2-text/sublime-text-3/Cache/LaTeXTools/internal/preview_math/becb1e56d05df182fa79b3584aeefed7.tex:23: Missing \cr inserted. [}]
/home/aghiles/Aghiles/Tool/aghiles/config/2-text/sublime-text-3/Cache/LaTeXTools/internal/preview_math/becb1e56d05df182fa79b3584aeefed7.tex:23: Missing } inserted. [}]
/home/aghiles/Aghiles/Tool/aghiles/config/2-text/sublime-text-3/Cache/LaTeXTools/internal/preview_math/becb1e56d05df182fa79b3584aeefed7.tex:23: Missing \cr inserted. [}]
/home/aghiles/Aghiles/Tool/aghiles/config/2-text/sublime-text-3/Cache/LaTeXTools/internal/preview_math/becb1e56d05df182fa79b3584aeefed7.tex:23: Missing } inserted. [}]
/home/aghiles/Aghiles/Tool/aghiles/config/2-text/sublime-text-3/Cache/LaTeXTools/internal/preview_math/becb1e56d05df182fa79b3584aeefed7.tex:23: Missing \cr inserted. [}]
/home/aghiles/Aghiles/Tool/aghiles/config/2-text/sublime-text-3/Cache/LaTeXTools/internal/preview_math/becb1e56d05df182fa79b3584aeefed7.tex:23: Missing } inserted. [}]
/home/aghiles/Aghiles/Tool/aghiles/config/2-text/sublime-text-3/Cache/LaTeXTools/internal/preview_math/becb1e56d05df182fa79b3584aeefed7.tex:23: Missing \cr inserted. [}]
/home/aghiles/Aghiles/Tool/aghiles/config/2-text/sublime-text-3/Cache/LaTeXTools/internal/preview_math/becb1e56d05df182fa79b3584aeefed7.tex:23: Missing } inserted. [}]
/home/aghiles/Aghiles/Tool/aghiles/config/2-text/sublime-text-3/Cache/LaTeXTools/internal/preview_math/becb1e56d05df182fa79b3584aeefed7.tex:23: Missing \cr inserted. [}]
/home/aghiles/Aghiles/Tool/aghiles/config/2-text/sublime-text-3/Cache/LaTeXTools/internal/preview_math/becb1e56d05df182fa79b3584aeefed7.tex:23: Missing } inserted. [}]
/home/aghiles/Aghiles/Tool/aghiles/config/2-text/sublime-text-3/Cache/LaTeXTools/internal/preview_math/becb1e56d05df182fa79b3584aeefed7.tex:23: Missing \cr inserted. [}]
/home/aghiles/Aghiles/Tool/aghiles/config/2-text/sublime-text-3/Cache/LaTeXTools/internal/preview_math/becb1e56d05df182fa79b3584aeefed7.tex:23: Missing } inserted. [}]
/home/aghiles/Aghiles/Tool/aghiles/config/2-text/sublime-text-3/Cache/LaTeXTools/internal/preview_math/becb1e56d05df182fa79b3584aeefed7.tex:23: Missing \cr inserted. [}]
/home/aghiles/Aghiles/Tool/aghiles/config/2-text/sublime-text-3/Cache/LaTeXTools/internal/preview_math/becb1e56d05df182fa79b3584aeefed7.tex:23: Missing } inserted. [}]
/home/aghiles/Aghiles/Tool/aghiles/config/2-text/sublime-text-3/Cache/LaTeXTools/internal/preview_math/becb1e56d05df182fa79b3584aeefed7.tex:23: Missing \cr inserted. [}]
/home/aghiles/Aghiles/Tool/aghiles/config/2-text/sublime-text-3/Cache/LaTeXTools/internal/preview_math/becb1e56d05df182fa79b3584aeefed7.tex:23: Missing } inserted. [}]
/home/aghiles/Aghiles/Tool/aghiles/config/2-text/sublime-text-3/Cache/LaTeXTools/internal/preview_math/becb1e56d05df182fa79b3584aeefed7.tex:23: Missing \cr inserted. [}]
/home/aghiles/Aghiles/Tool/aghiles/config/2-text/sublime-text-3/Cache/LaTeXTools/internal/preview_math/becb1e56d05df182fa79b3584aeefed7.tex:23: Missing } inserted. [}]
/home/aghiles/Aghiles/Tool/aghiles/config/2-text/sublime-text-3/Cache/LaTeXTools/internal/preview_math/becb1e56d05df182fa79b3584aeefed7.tex:23: Missing \cr inserted. [}]
/home/aghiles/Aghiles/Tool/aghiles/config/2-text/sublime-text-3/Cache/LaTeXTools/internal/preview_math/becb1e56d05df182fa79b3584aeefed7.tex:23: Missing } inserted. [}]
/home/aghiles/Aghiles/Tool/aghiles/config/2-text/sublime-text-3/Cache/LaTeXTools/internal/preview_math/becb1e56d05df182fa79b3584aeefed7.tex:23: Missing \cr inserted. [}]
/home/aghiles/Aghiles/Tool/aghiles/config/2-text/sublime-text-3/Cache/LaTeXTools/internal/preview_math/becb1e56d05df182fa79b3584aeefed7.tex:23: Missing } inserted. [}]
/home/aghiles/Aghiles/Tool/aghiles/config/2-text/sublime-text-3/Cache/LaTeXTools/internal/preview_math/becb1e56d05df182fa79b3584aeefed7.tex:23: Missing \cr inserted. [}]
/home/aghiles/Aghiles/Tool/aghiles/config/2-text/sublime-text-3/Cache/LaTeXTools/internal/preview_math/becb1e56d05df182fa79b3584aeefed7.tex:23: Missing } inserted. [}]
/home/aghiles/Aghiles/Tool/aghiles/config/2-text/sublime-text-3/Cache/LaTeXTools/internal/preview_math/becb1e56d05df182fa79b3584aeefed7.tex:23: Missing \cr inserted. [}]
/home/aghiles/Aghiles/Tool/aghiles/config/2-text/sublime-text-3/Cache/LaTeXTools/internal/preview_math/becb1e56d05df182fa79b3584aeefed7.tex:23: Missing } inserted. [}]
/home/aghiles/Aghiles/Tool/aghiles/config/2-text/sublime-text-3/Cache/LaTeXTools/internal/preview_math/becb1e56d05df182fa79b3584aeefed7.tex:23: Missing \cr inserted. [}]
/home/aghiles/Aghiles/Tool/aghiles/config/2-text/sublime-text-3/Cache/LaTeXTools/internal/preview_math/becb1e56d05df182fa79b3584aeefed7.tex:23: Missing } inserted. [}]
/home/aghiles/Aghiles/Tool/aghiles/config/2-text/sublime-text-3/Cache/LaTeXTools/internal/preview_math/becb1e56d05df182fa79b3584aeefed7.tex:23: Missing \cr inserted. [}]
/home/aghiles/Aghiles/Tool/aghiles/config/2-text/sublime-text-3/Cache/LaTeXTools/internal/preview_math/becb1e56d05df182fa79b3584aeefed7.tex:23: Missing } inserted. [}]
/home/aghiles/Aghiles/Tool/aghiles/config/2-text/sublime-text-3/Cache/LaTeXTools/internal/preview_math/becb1e56d05df182fa79b3584aeefed7.tex:23: Missing \cr inserted. [}]
/home/aghiles/Aghiles/Tool/aghiles/config/2-text/sublime-text-3/Cache/LaTeXTools/internal/preview_math/becb1e56d05df182fa79b3584aeefed7.tex:23: Missing } inserted. [}]
/home/aghiles/Aghiles/Tool/aghiles/config/2-text/sublime-text-3/Cache/LaTeXTools/internal/preview_math/becb1e56d05df182fa79b3584aeefed7.tex:23: Missing \cr inserted. [}]
/home/aghiles/Aghiles/Tool/aghiles/config/2-text/sublime-text-3/Cache/LaTeXTools/internal/preview_math/becb1e56d05df182fa79b3584aeefed7.tex:23: Missing } inserted. [}]
/home/aghiles/Aghiles/Tool/aghiles/config/2-text/sublime-text-3/Cache/LaTeXTools/internal/preview_math/becb1e56d05df182fa79b3584aeefed7.tex:23: Missing \cr inserted. [}]
/home/aghiles/Aghiles/Tool/aghiles/config/2-text/sublime-text-3/Cache/LaTeXTools/internal/preview_math/becb1e56d05df182fa79b3584aeefed7.tex:23: Missing } inserted. [}]
/home/aghiles/Aghiles/Tool/aghiles/config/2-text/sublime-text-3/Cache/LaTeXTools/internal/preview_math/becb1e56d05df182fa79b3584aeefed7.tex:23: Missing \cr inserted. [}]
/home/aghiles/Aghiles/Tool/aghiles/config/2-text/sublime-text-3/Cache/LaTeXTools/internal/preview_math/becb1e56d05df182fa79b3584aeefed7.tex:23: Missing } inserted. [}]
/home/aghiles/Aghiles/Tool/aghiles/config/2-text/sublime-text-3/Cache/LaTeXTools/internal/preview_math/becb1e56d05df182fa79b3584aeefed7.tex:23: Missing \cr inserted. [}]
/home/aghiles/Aghiles/Tool/aghiles/config/2-text/sublime-text-3/Cache/LaTeXTools/internal/preview_math/becb1e56d05df182fa79b3584aeefed7.tex:23: Missing } inserted. [}]
/home/aghiles/Aghiles/Tool/aghiles/config/2-text/sublime-text-3/Cache/LaTeXTools/internal/preview_math/becb1e56d05df182fa79b3584aeefed7.tex:23: Missing \cr inserted. [}]
/home/aghiles/Aghiles/Tool/aghiles/config/2-text/sublime-text-3/Cache/LaTeXTools/internal/preview_math/becb1e56d05df182fa79b3584aeefed7.tex:23: Missing } inserted. [}]
/home/aghiles/Aghiles/Tool/aghiles/config/2-text/sublime-text-3/Cache/LaTeXTools/internal/preview_math/becb1e56d05df182fa79b3584aeefed7.tex:23: Missing \cr inserted. [}]
/home/aghiles/Aghiles/Tool/aghiles/config/2-text/sublime-text-3/Cache/LaTeXTools/internal/preview_math/becb1e56d05df182fa79b3584aeefed7.tex:23: Missing } inserted. [}]
/home/aghiles/Aghiles/Tool/aghiles/config/2-text/sublime-text-3/Cache/LaTeXTools/internal/preview_math/becb1e56d05df182fa79b3584aeefed7.tex:23: Missing \cr inserted. [}]
/home/aghiles/Aghiles/Tool/aghiles/config/2-text/sublime-text-3/Cache/LaTeXTools/internal/preview_math/becb1e56d05df182fa79b3584aeefed7.tex:23: Missing } inserted. [}]
/home/aghiles/Aghiles/Tool/aghiles/config/2-text/sublime-text-3/Cache/LaTeXTools/internal/preview_math/becb1e56d05df182fa79b3584aeefed7.tex:23: Missing \cr inserted. [}]
/home/aghiles/Aghiles/Tool/aghiles/config/2-text/sublime-text-3/Cache/LaTeXTools/internal/preview_math/becb1e56d05df182fa79b3584aeefed7.tex:23: Missing } inserted. [}]
/home/aghiles/Aghiles/Tool/aghiles/config/2-text/sublime-text-3/Cache/LaTeXTools/internal/preview_math/becb1e56d05df182fa79b3584aeefed7.tex:23: Missing \cr inserted. [}]
/home/aghiles/Aghiles/Tool/aghiles/config/2-text/sublime-text-3/Cache/LaTeXTools/internal/preview_math/becb1e56d05df182fa79b3584aeefed7.tex:23: Missing } inserted. [}]
/home/aghiles/Aghiles/Tool/aghiles/config/2-text/sublime-text-3/Cache/LaTeXTools/internal/preview_math/becb1e56d05df182fa79b3584aeefed7.tex:23: Missing \cr inserted. [}]
/home/aghiles/Aghiles/Tool/aghiles/config/2-text/sublime-text-3/Cache/LaTeXTools/internal/preview_math/becb1e56d05df182fa79b3584aeefed7.tex:23: Missing } inserted. [}]
/home/aghiles/Aghiles/Tool/aghiles/config/2-text/sublime-text-3/Cache/LaTeXTools/internal/preview_math/becb1e56d05df182fa79b3584aeefed7.tex:23: Missing \cr inserted. [}]
/home/aghiles/Aghiles/Tool/aghiles/config/2-text/sublime-text-3/Cache/LaTeXTools/internal/preview_math/becb1e56d05df182fa79b3584aeefed7.tex:23: Missing } inserted. [}]
/home/aghiles/Aghiles/Tool/aghiles/config/2-text/sublime-text-3/Cache/LaTeXTools/internal/preview_math/becb1e56d05df182fa79b3584aeefed7.tex:23: Missing \cr inserted. [}]
/home/aghiles/Aghiles/Tool/aghiles/config/2-text/sublime-text-3/Cache/LaTeXTools/internal/preview_math/becb1e56d05df182fa79b3584aeefed7.tex:23: Missing } inserted. [}]
/home/aghiles/Aghiles/Tool/aghiles/config/2-text/sublime-text-3/Cache/LaTeXTools/internal/preview_math/becb1e56d05df182fa79b3584aeefed7.tex:23: Missing \cr inserted. [}]
/home/aghiles/Aghiles/Tool/aghiles/config/2-text/sublime-text-3/Cache/LaTeXTools/internal/preview_math/becb1e56d05df182fa79b3584aeefed7.tex:23: Missing } inserted. [}]
/home/aghiles/Aghiles/Tool/aghiles/config/2-text/sublime-text-3/Cache/LaTeXTools/internal/preview_math/becb1e56d05df182fa79b3584aeefed7.tex:23: Missing \cr inserted. [}]
/home/aghiles/Aghiles/Tool/aghiles/config/2-text/sublime-text-3/Cache/LaTeXTools/internal/preview_math/becb1e56d05df182fa79b3584aeefed7.tex:23: Missing } inserted. [}]
/home/aghiles/Aghiles/Tool/aghiles/config/2-text/sublime-text-3/Cache/LaTeXTools/internal/preview_math/becb1e56d05df182fa79b3584aeefed7.tex:23: Missing \cr inserted. [}]
/home/aghiles/Aghiles/Tool/aghiles/config/2-text/sublime-text-3/Cache/LaTeXTools/internal/preview_math/becb1e56d05df182fa79b3584aeefed7.tex:23: Missing } inserted. [}]
/home/aghiles/Aghiles/Tool/aghiles/config/2-text/sublime-text-3/Cache/LaTeXTools/internal/preview_math/becb1e56d05df182fa79b3584aeefed7.tex:23: Missing \cr inserted. [}]
/home/aghiles/Aghiles/Tool/aghiles/config/2-text/sublime-text-3/Cache/LaTeXTools/internal/preview_math/becb1e56d05df182fa79b3584aeefed7.tex:23: Missing } inserted. [}]
/home/aghiles/Aghiles/Tool/aghiles/config/2-text/sublime-text-3/Cache/LaTeXTools/internal/preview_math/becb1e56d05df182fa79b3584aeefed7.tex:23: Missing \cr inserted. [}]
/home/aghiles/Aghiles/Tool/aghiles/config/2-text/sublime-text-3/Cache/LaTeXTools/internal/preview_math/becb1e56d05df182fa79b3584aeefed7.tex:23: Missing } inserted. [}]
/home/aghiles/Aghiles/Tool/aghiles/config/2-text/sublime-text-3/Cache/LaTeXTools/internal/preview_math/becb1e56d05df182fa79b3584aeefed7.tex:23: Missing \cr inserted. [}]
/home/aghiles/Aghiles/Tool/aghiles/config/2-text/sublime-text-3/Cache/LaTeXTools/internal/preview_math/becb1e56d05df182fa79b3584aeefed7.tex:23: Missing } inserted. [}]
/home/aghiles/Aghiles/Tool/aghiles/config/2-text/sublime-text-3/Cache/LaTeXTools/internal/preview_math/becb1e56d05df182fa79b3584aeefed7.tex:23: Missing \cr inserted. [}]
Too many errors. TeX stopped.

LaTeX document:
-----BEGIN DOCUMENT-----

\documentclass[preview,border=0.3pt]{standalone}
% import xcolor if available and not already present
\IfFileExists{xcolor.sty}{\usepackage{xcolor}}{}%
\usepackage{amsmath}
\usepackage{amssymb}
\IfFileExists{latexsym.sty}{\usepackage{latexsym}}{}
\IfFileExists{mathtools.sty}{\usepackage{mathtools}}{}

\begin{document}
% set the foreground color
\IfFileExists{xcolor.sty}{\color[HTML]{CCCCCC}}{}%
\begin{equation*}
\begin{array} { l }
			min~D  = \left( \frac {\sum_{d=1}^{D_{s} } \sum_{d^{\prime} = D_{s} +1}^{D_{s}+D_{s^{\prime}}} \left(u_{d}-u_{d^{\prime}} \right)} {D_{s} D_{s^{\prime}}}\right)^{1/2},\forall d \in D_{s},\forall d^{\prime }\in D_{s^ {\prime}}\\\\
			U_{HCC} = \delta _ { r } \left( \sigma _ { r } w _ { r } , \tau _ { l d } w _ { t d } \right) \quad  with \quad \delta _ { r } \in \{ 0,1 \} \\\\
			U_{MCC} = \sigma _ { r } w _ { r } + \sigma _ { l d } w _ { l d } \\\\
			U_{LCC} = \sigma _ { l d } w _ { l d } \\\\
			\textbf{U_{d,s,g} = U_{d,s,g}^{\prime}+U_{d,s,g}^{\prime\prime} \\\\
			E_{d,s,g} = \frac {p_{i}^{tx} + p_{i} ^ {rx}} {V+epa } \cdot d_{tx/rx}
		\end{array}
	\end{equation}
}{
\Figure{h}{.85}{slice}{Slicing}
}
\end{frame}



% \begin{frame}{Utility Function}{Related work}
% 	\begin{tabular} { l | l l l l l l } \\
% 		\           & $SF_{7}$ & $SF_{B}$ & $SF_{9}$ & $SF_{10}$ & $SF_{11}$ & $SF_{12}$ \\
% 		$SF_ {7}$   & { - 6 }         & { 16 }          & { 18 }          & { 19 }           & { 19 }           & { 20 } \\
% 		$SF_{8}$    & { 24 }          & { - 6 }         & { 20 }          & { 22 }           & { 22 }           & { 22 } \\
% 		$SF_ {9}$   & { 27 }          & { 27 }          & { - 6 }         & { 23 }           & { 25 }           & { 25 } \\
% 		$SF_{10}$   & { 30 }          & { 30 }          & { 30 }          & { - 6 }          & { 26 }           & { 28 } \\
% 		$SF_ {11}$  & { 33 }          & { 33 }          & { 33 }          & { 33 }           & { - 6 }          & { 29 } \\
% 		$S F_{12}$  & { 36 }          & { 36 }          & { 36 }          & { 36 }           & { 36 }           & { - 6 }
% 	\end{tabular}
% \end{frame}

\begin{frame}{Utility Function}{Related work}

	\begin{equation}
		\operatorname Max \sum _ { d \in D } \sum _ { s \in S } i_{d,s} \cdot U_{d,g,s} , g \in G
\end{equation*}
\end{document}

-----END DOCUMENT-----

Log file:
-----BEGIN LOG-----
This is pdfTeX, Version 3.14159265-2.6-1.40.19 (TeX Live 2019/dev/Debian) (preloaded format=pdflatex 2019.10.13)  3 NOV 2019 12:21
entering extended mode
 restricted \write18 enabled.
 %&-line parsing enabled.
**becb1e56d05df182fa79b3584aeefed7.tex
(./becb1e56d05df182fa79b3584aeefed7.tex
LaTeX2e <2018-12-01>
(/usr/share/texlive/texmf-dist/tex/latex/standalone/standalone.cls
Document Class: standalone 2018/03/26 v1.3a Class to compile TeX sub-files stan
dalone
(/usr/share/texlive/texmf-dist/tex/latex/tools/shellesc.sty
Package: shellesc 2016/06/07 v0.02a unified shell escape interface for LaTeX
Package shellesc Info: Restricted shell escape enabled on input line 69.
)
(/usr/share/texlive/texmf-dist/tex/generic/oberdiek/ifluatex.sty
Package: ifluatex 2016/05/16 v1.4 Provides the ifluatex switch (HO)
Package ifluatex Info: LuaTeX not detected.
)
(/usr/share/texlive/texmf-dist/tex/generic/oberdiek/ifpdf.sty
Package: ifpdf 2018/09/07 v3.3 Provides the ifpdf switch
)
(/usr/share/texlive/texmf-dist/tex/generic/ifxetex/ifxetex.sty
Package: ifxetex 2010/09/12 v0.6 Provides ifxetex conditional
)
(/usr/share/texlive/texmf-dist/tex/latex/xkeyval/xkeyval.sty
Package: xkeyval 2014/12/03 v2.7a package option processing (HA)

(/usr/share/texlive/texmf-dist/tex/generic/xkeyval/xkeyval.tex
(/usr/share/texlive/texmf-dist/tex/generic/xkeyval/xkvutils.tex
\XKV@toks=\toks14
\XKV@tempa@toks=\toks15

(/usr/share/texlive/texmf-dist/tex/generic/xkeyval/keyval.tex))
\XKV@depth=\count80
File: xkeyval.tex 2014/12/03 v2.7a key=value parser (HA)
))
\sa@internal=\count81
\c@sapage=\count82

(/usr/share/texlive/texmf-dist/tex/latex/standalone/standalone.cfg
File: standalone.cfg 2018/03/26 v1.3a Default configuration file for 'standalon
e' class
)
(/usr/share/texlive/texmf-dist/tex/latex/base/article.cls
Document Class: article 2018/09/03 v1.4i Standard LaTeX document class
(/usr/share/texlive/texmf-dist/tex/latex/base/size10.clo
File: size10.clo 2018/09/03 v1.4i Standard LaTeX file (size option)
)
\c@part=\count83
\c@section=\count84
\c@subsection=\count85
\c@subsubsection=\count86
\c@paragraph=\count87
\c@subparagraph=\count88
\c@figure=\count89
\c@table=\count90
\abovecaptionskip=\skip41
\belowcaptionskip=\skip42
\bibindent=\dimen102
)
(/usr/share/texmf/tex/latex/preview/preview.sty
Package: preview 2017/04/24 11.91 (AUCTeX/preview-latex)

(/usr/share/texlive/texmf-dist/tex/generic/luatex85/luatex85.sty
Package: luatex85 2016/06/15 v1.4 pdftex aliases for luatex
)
(/usr/share/texmf/tex/latex/preview/prtightpage.def
\PreviewBorder=\dimen103
)
\pr@snippet=\count91
\pr@box=\box27
\pr@output=\toks16
))
(/usr/share/texlive/texmf-dist/tex/latex/xcolor/xcolor.sty
Package: xcolor 2016/05/11 v2.12 LaTeX color extensions (UK)

(/usr/share/texlive/texmf-dist/tex/latex/graphics-cfg/color.cfg
File: color.cfg 2016/01/02 v1.6 sample color configuration
)
Package xcolor Info: Driver file: pdftex.def on input line 225.

(/usr/share/texlive/texmf-dist/tex/latex/graphics-def/pdftex.def
File: pdftex.def 2018/01/08 v1.0l Graphics/color driver for pdftex
)
Package xcolor Info: Model `cmy' substituted by `cmy0' on input line 1348.
Package xcolor Info: Model `hsb' substituted by `rgb' on input line 1352.
Package xcolor Info: Model `RGB' extended on input line 1364.
Package xcolor Info: Model `HTML' substituted by `rgb' on input line 1366.
Package xcolor Info: Model `Hsb' substituted by `hsb' on input line 1367.
Package xcolor Info: Model `tHsb' substituted by `hsb' on input line 1368.
Package xcolor Info: Model `HSB' substituted by `hsb' on input line 1369.
Package xcolor Info: Model `Gray' substituted by `gray' on input line 1370.
Package xcolor Info: Model `wave' substituted by `hsb' on input line 1371.
)
(/usr/share/texlive/texmf-dist/tex/latex/amsmath/amsmath.sty
Package: amsmath 2018/12/01 v2.17b AMS math features
\@mathmargin=\skip43

For additional information on amsmath, use the `?' option.
(/usr/share/texlive/texmf-dist/tex/latex/amsmath/amstext.sty
Package: amstext 2000/06/29 v2.01 AMS text

(/usr/share/texlive/texmf-dist/tex/latex/amsmath/amsgen.sty
File: amsgen.sty 1999/11/30 v2.0 generic functions
\@emptytoks=\toks17
\ex@=\dimen104
))
(/usr/share/texlive/texmf-dist/tex/latex/amsmath/amsbsy.sty
Package: amsbsy 1999/11/29 v1.2d Bold Symbols
\pmbraise@=\dimen105
)
(/usr/share/texlive/texmf-dist/tex/latex/amsmath/amsopn.sty
Package: amsopn 2016/03/08 v2.02 operator names
)
\inf@bad=\count92
LaTeX Info: Redefining \frac on input line 223.
\uproot@=\count93
\leftroot@=\count94
LaTeX Info: Redefining \overline on input line 385.
\classnum@=\count95
\DOTSCASE@=\count96
LaTeX Info: Redefining \ldots on input line 482.
LaTeX Info: Redefining \dots on input line 485.
LaTeX Info: Redefining \cdots on input line 606.
\Mathstrutbox@=\box28
\strutbox@=\box29
\big@size=\dimen106
LaTeX Font Info:    Redeclaring font encoding OML on input line 729.
LaTeX Font Info:    Redeclaring font encoding OMS on input line 730.
\macc@depth=\count97
\c@MaxMatrixCols=\count98
\dotsspace@=\muskip10
\c@parentequation=\count99
\dspbrk@lvl=\count100
\tag@help=\toks18
\row@=\count101
\column@=\count102
\maxfields@=\count103
\andhelp@=\toks19
\eqnshift@=\dimen107
\alignsep@=\dimen108
\tagshift@=\dimen109
\tagwidth@=\dimen110
\totwidth@=\dimen111
\lineht@=\dimen112
\@envbody=\toks20
\multlinegap=\skip44
\multlinetaggap=\skip45
\mathdisplay@stack=\toks21
LaTeX Info: Redefining \[ on input line 2844.
LaTeX Info: Redefining \] on input line 2845.
)
(/usr/share/texlive/texmf-dist/tex/latex/amsfonts/amssymb.sty
Package: amssymb 2013/01/14 v3.01 AMS font symbols

(/usr/share/texlive/texmf-dist/tex/latex/amsfonts/amsfonts.sty
Package: amsfonts 2013/01/14 v3.01 Basic AMSFonts support
\symAMSa=\mathgroup4
\symAMSb=\mathgroup5
LaTeX Font Info:    Overwriting math alphabet `\mathfrak' in version `bold'
(Font)                  U/euf/m/n --> U/euf/b/n on input line 106.
))
(/usr/share/texlive/texmf-dist/tex/latex/base/latexsym.sty
Package: latexsym 1998/08/17 v2.2e Standard LaTeX package (lasy symbols)
\symlasy=\mathgroup6
LaTeX Font Info:    Overwriting symbol font `lasy' in version `bold'
(Font)                  U/lasy/m/n --> U/lasy/b/n on input line 52.
)
(/usr/share/texlive/texmf-dist/tex/latex/mathtools/mathtools.sty
Package: mathtools 2018/01/08 v1.21 mathematical typesetting tools

(/usr/share/texlive/texmf-dist/tex/latex/tools/calc.sty
Package: calc 2017/05/25 v4.3 Infix arithmetic (KKT,FJ)
\calc@Acount=\count104
\calc@Bcount=\count105
\calc@Adimen=\dimen113
\calc@Bdimen=\dimen114
\calc@Askip=\skip46
\calc@Bskip=\skip47
LaTeX Info: Redefining \setlength on input line 80.
LaTeX Info: Redefining \addtolength on input line 81.
\calc@Ccount=\count106
\calc@Cskip=\skip48
)
(/usr/share/texlive/texmf-dist/tex/latex/mathtools/mhsetup.sty
Package: mhsetup 2017/03/31 v1.3 programming setup (MH)
)
LaTeX Info: Thecontrolsequence`\('isalreadyrobust on input line 129.
LaTeX Info: Thecontrolsequence`\)'isalreadyrobust on input line 129.
LaTeX Info: Thecontrolsequence`\['isalreadyrobust on input line 129.
LaTeX Info: Thecontrolsequence`\]'isalreadyrobust on input line 129.
\g_MT_multlinerow_int=\count107
\l_MT_multwidth_dim=\dimen115
\origjot=\skip49
\l_MT_shortvdotswithinadjustabove_dim=\dimen116
\l_MT_shortvdotswithinadjustbelow_dim=\dimen117
\l_MT_above_intertext_sep=\dimen118
\l_MT_below_intertext_sep=\dimen119
\l_MT_above_shortintertext_sep=\dimen120
\l_MT_below_shortintertext_sep=\dimen121
)
No file becb1e56d05df182fa79b3584aeefed7.aux.
\openout1 = `becb1e56d05df182fa79b3584aeefed7.aux'.

LaTeX Font Info:    Checking defaults for OML/cmm/m/it on input line 10.
LaTeX Font Info:    ... okay on input line 10.
LaTeX Font Info:    Checking defaults for T1/cmr/m/n on input line 10.
LaTeX Font Info:    ... okay on input line 10.
LaTeX Font Info:    Checking defaults for OT1/cmr/m/n on input line 10.
LaTeX Font Info:    ... okay on input line 10.
LaTeX Font Info:    Checking defaults for OMS/cmsy/m/n on input line 10.
LaTeX Font Info:    ... okay on input line 10.
LaTeX Font Info:    Checking defaults for OMX/cmex/m/n on input line 10.
LaTeX Font Info:    ... okay on input line 10.
LaTeX Font Info:    Checking defaults for U/cmr/m/n on input line 10.
LaTeX Font Info:    ... okay on input line 10.
Preview: Fontsize 10pt
Preview: PDFoutput 1
(/usr/share/texlive/texmf-dist/tex/context/base/mkii/supp-pdf.mkii
[Loading MPS to PDF converter (version 2006.09.02).]
\scratchcounter=\count108
\scratchdimen=\dimen122
\scratchbox=\box30
\nofMPsegments=\count109
\nofMParguments=\count110
\everyMPshowfont=\toks22
\MPscratchCnt=\count111
\MPscratchDim=\dimen123
\MPnumerator=\count112
\makeMPintoPDFobject=\count113
\everyMPtoPDFconversion=\toks23
) (/usr/share/texlive/texmf-dist/tex/latex/graphics/graphicx.sty
Package: graphicx 2017/06/01 v1.1a Enhanced LaTeX Graphics (DPC,SPQR)

(/usr/share/texlive/texmf-dist/tex/latex/graphics/graphics.sty
Package: graphics 2017/06/25 v1.2c Standard LaTeX Graphics (DPC,SPQR)

(/usr/share/texlive/texmf-dist/tex/latex/graphics/trig.sty
Package: trig 2016/01/03 v1.10 sin cos tan (DPC)
)
(/usr/share/texlive/texmf-dist/tex/latex/graphics-cfg/graphics.cfg
File: graphics.cfg 2016/06/04 v1.11 sample graphics configuration
)
Package graphics Info: Driver file: pdftex.def on input line 99.
)
\Gin@req@height=\dimen124
\Gin@req@width=\dimen125
)
LaTeX Font Info:    Try loading font information for U+msa on input line 13.

(/usr/share/texlive/texmf-dist/tex/latex/amsfonts/umsa.fd
File: umsa.fd 2013/01/14 v3.01 AMS symbols A
)
LaTeX Font Info:    Try loading font information for U+msb on input line 13.

(/usr/share/texlive/texmf-dist/tex/latex/amsfonts/umsb.fd
File: umsb.fd 2013/01/14 v3.01 AMS symbols B
)
LaTeX Font Info:    Try loading font information for U+lasy on input line 13.

(/usr/share/texlive/texmf-dist/tex/latex/base/ulasy.fd
File: ulasy.fd 1998/08/17 v2.2e LaTeX symbol font definitions
)
! Missing $ inserted.
<inserted text> 
                $
l.23 }
      {
I've inserted a begin-math/end-math symbol since I think
you left one out. Proceed, with fingers crossed.

! Misplaced \cr.
\reserved@c ->\ifnum 0=`{\fi }${}\cr 
                                     
l.23 }
      {
I can't figure out why you would want to use a tab mark
or \cr or \span just now. If something like a right brace
up above has ended a previous alignment prematurely,
you're probably due for more error messages, and you
might try typing `S' now just to see what is salvageable.

! Misplaced \cr.
\reserved@c ->\ifnum 0=`{\fi }${}\cr 
                                     
l.23 }
      {
I can't figure out why you would want to use a tab mark
or \cr or \span just now. If something like a right brace
up above has ended a previous alignment prematurely,
you're probably due for more error messages, and you
might try typing `S' now just to see what is salvageable.

! Misplaced \crcr.
\endarray ->\crcr 
                  \egroup \egroup 
l.23 }
      {
I can't figure out why you would want to use a tab mark
or \cr or \span just now. If something like a right brace
up above has ended a previous alignment prematurely,
you're probably due for more error messages, and you
might try typing `S' now just to see what is salvageable.

! Extra }, or forgotten $.
\endarray ->\crcr \egroup 
                          \egroup 
l.23 }
      {
I've deleted a group-closing symbol because it seems to be
spurious, as in `$x}$'. But perhaps the } is legitimate and
you forgot something else, as in `\hbox{$x}'. In such cases
the way to recover is to insert both the forgotten and the
deleted material, e.g., by typing `I$}'.

! Extra }, or forgotten $.
\endarray ->\crcr \egroup \egroup 
                                  
l.23 }
      {
I've deleted a group-closing symbol because it seems to be
spurious, as in `$x}$'. But perhaps the } is legitimate and
you forgot something else, as in `\hbox{$x}'. In such cases
the way to recover is to insert both the forgotten and the
deleted material, e.g., by typing `I$}'.

! Missing $ inserted.
<inserted text> 
                $
l.23 }
      {
I've inserted something that you may have forgotten.
(See the <inserted text> above.)
With luck, this will get me unwedged. But if you
really didn't forget anything, try typing `2' now; then
my insertion and my current dilemma will both disappear.

! Missing } inserted.
<inserted text> 
                }
l.23 }
      {
I've inserted something that you may have forgotten.
(See the <inserted text> above.)
With luck, this will get me unwedged. But if you
really didn't forget anything, try typing `2' now; then
my insertion and my current dilemma will both disappear.

! Missing } inserted.
<inserted text> 
                }
l.23 }
      {
I've inserted something that you may have forgotten.
(See the <inserted text> above.)
With luck, this will get me unwedged. But if you
really didn't forget anything, try typing `2' now; then
my insertion and my current dilemma will both disappear.

! Missing } inserted.
<inserted text> 
                }
l.23 }
      {
I've inserted something that you may have forgotten.
(See the <inserted text> above.)
With luck, this will get me unwedged. But if you
really didn't forget anything, try typing `2' now; then
my insertion and my current dilemma will both disappear.

! Missing { inserted.
<to be read again> 
                   \endgroup 
l.23 }
      {
A left brace was mandatory here, so I've put one in.
You might want to delete and/or insert some corrections
so that I will find a matching right brace soon.
(If you're confused by all this, try typing `I}' now.)

! Missing } inserted.
<inserted text> 
                }
l.23 }
      {
I've inserted something that you may have forgotten.
(See the <inserted text> above.)
With luck, this will get me unwedged. But if you
really didn't forget anything, try typing `2' now; then
my insertion and my current dilemma will both disappear.

! Missing { inserted.
<to be read again> 
                   \endgroup 
l.23 }
      {
A left brace was mandatory here, so I've put one in.
You might want to delete and/or insert some corrections
so that I will find a matching right brace soon.
(If you're confused by all this, try typing `I}' now.)

! Missing } inserted.
<inserted text> 
                }
l.23 }
      {
I've inserted something that you may have forgotten.
(See the <inserted text> above.)
With luck, this will get me unwedged. But if you
really didn't forget anything, try typing `2' now; then
my insertion and my current dilemma will both disappear.

! Missing { inserted.
<to be read again> 
                   \endgroup 
l.23 }
      {
A left brace was mandatory here, so I've put one in.
You might want to delete and/or insert some corrections
so that I will find a matching right brace soon.
(If you're confused by all this, try typing `I}' now.)

! Missing } inserted.
<inserted text> 
                }
l.23 }
      {
I've inserted something that you may have forgotten.
(See the <inserted text> above.)
With luck, this will get me unwedged. But if you
really didn't forget anything, try typing `2' now; then
my insertion and my current dilemma will both disappear.

! Missing } inserted.
<inserted text> 
                }
l.23 }
      {
I've inserted something that you may have forgotten.
(See the <inserted text> above.)
With luck, this will get me unwedged. But if you
really didn't forget anything, try typing `2' now; then
my insertion and my current dilemma will both disappear.

! Missing $ inserted.
<inserted text> 
                $
l.23 }
      {
I've inserted something that you may have forgotten.
(See the <inserted text> above.)
With luck, this will get me unwedged. But if you
really didn't forget anything, try typing `2' now; then
my insertion and my current dilemma will both disappear.

! Missing } inserted.
<inserted text> 
                }
l.23 }
      {
I've inserted something that you may have forgotten.
(See the <inserted text> above.)
With luck, this will get me unwedged. But if you
really didn't forget anything, try typing `2' now; then
my insertion and my current dilemma will both disappear.

! Missing \cr inserted.
<inserted text> 
                \cr 
l.23 }
      {
I'm guessing that you meant to end an alignment here.

! Missing } inserted.
<inserted text> 
                }
l.23 }
      {
I've put in what seems to be necessary to fix
the current column of the current alignment.
Try to go on, since this might almost work.

! Missing \cr inserted.
<inserted text> 
                \cr 
l.23 }
      {
I'm guessing that you meant to end an alignment here.

! Missing } inserted.
<inserted text> 
                }
l.23 }
      {
I've put in what seems to be necessary to fix
the current column of the current alignment.
Try to go on, since this might almost work.

! Missing \cr inserted.
<inserted text> 
                \cr 
l.23 }
      {
I'm guessing that you meant to end an alignment here.

! Missing } inserted.
<inserted text> 
                }
l.23 }
      {
I've put in what seems to be necessary to fix
the current column of the current alignment.
Try to go on, since this might almost work.

! Missing \cr inserted.
<inserted text> 
                \cr 
l.23 }
      {
I'm guessing that you meant to end an alignment here.

! Missing } inserted.
<inserted text> 
                }
l.23 }
      {
I've put in what seems to be necessary to fix
the current column of the current alignment.
Try to go on, since this might almost work.

! Missing \cr inserted.
<inserted text> 
                \cr 
l.23 }
      {
I'm guessing that you meant to end an alignment here.

! Missing } inserted.
<inserted text> 
                }
l.23 }
      {
I've put in what seems to be necessary to fix
the current column of the current alignment.
Try to go on, since this might almost work.

! Missing \cr inserted.
<inserted text> 
                \cr 
l.23 }
      {
I'm guessing that you meant to end an alignment here.

! Missing } inserted.
<inserted text> 
                }
l.23 }
      {
I've put in what seems to be necessary to fix
the current column of the current alignment.
Try to go on, since this might almost work.

! Missing \cr inserted.
<inserted text> 
                \cr 
l.23 }
      {
I'm guessing that you meant to end an alignment here.

! Missing } inserted.
<inserted text> 
                }
l.23 }
      {
I've put in what seems to be necessary to fix
the current column of the current alignment.
Try to go on, since this might almost work.

! Missing \cr inserted.
<inserted text> 
                \cr 
l.23 }
      {
I'm guessing that you meant to end an alignment here.

! Missing } inserted.
<inserted text> 
                }
l.23 }
      {
I've put in what seems to be necessary to fix
the current column of the current alignment.
Try to go on, since this might almost work.

! Missing \cr inserted.
<inserted text> 
                \cr 
l.23 }
      {
I'm guessing that you meant to end an alignment here.

! Missing } inserted.
<inserted text> 
                }
l.23 }
      {
I've put in what seems to be necessary to fix
the current column of the current alignment.
Try to go on, since this might almost work.

! Missing \cr inserted.
<inserted text> 
                \cr 
l.23 }
      {
I'm guessing that you meant to end an alignment here.

! Missing } inserted.
<inserted text> 
                }
l.23 }
      {
I've put in what seems to be necessary to fix
the current column of the current alignment.
Try to go on, since this might almost work.

! Missing \cr inserted.
<inserted text> 
                \cr 
l.23 }
      {
I'm guessing that you meant to end an alignment here.

! Missing } inserted.
<inserted text> 
                }
l.23 }
      {
I've put in what seems to be necessary to fix
the current column of the current alignment.
Try to go on, since this might almost work.

! Missing \cr inserted.
<inserted text> 
                \cr 
l.23 }
      {
I'm guessing that you meant to end an alignment here.

! Missing } inserted.
<inserted text> 
                }
l.23 }
      {
I've put in what seems to be necessary to fix
the current column of the current alignment.
Try to go on, since this might almost work.

! Missing \cr inserted.
<inserted text> 
                \cr 
l.23 }
      {
I'm guessing that you meant to end an alignment here.

! Missing } inserted.
<inserted text> 
                }
l.23 }
      {
I've put in what seems to be necessary to fix
the current column of the current alignment.
Try to go on, since this might almost work.

! Missing \cr inserted.
<inserted text> 
                \cr 
l.23 }
      {
I'm guessing that you meant to end an alignment here.

! Missing } inserted.
<inserted text> 
                }
l.23 }
      {
I've put in what seems to be necessary to fix
the current column of the current alignment.
Try to go on, since this might almost work.

! Missing \cr inserted.
<inserted text> 
                \cr 
l.23 }
      {
I'm guessing that you meant to end an alignment here.

! Missing } inserted.
<inserted text> 
                }
l.23 }
      {
I've put in what seems to be necessary to fix
the current column of the current alignment.
Try to go on, since this might almost work.

! Missing \cr inserted.
<inserted text> 
                \cr 
l.23 }
      {
I'm guessing that you meant to end an alignment here.

! Missing } inserted.
<inserted text> 
                }
l.23 }
      {
I've put in what seems to be necessary to fix
the current column of the current alignment.
Try to go on, since this might almost work.

! Missing \cr inserted.
<inserted text> 
                \cr 
l.23 }
      {
I'm guessing that you meant to end an alignment here.

! Missing } inserted.
<inserted text> 
                }
l.23 }
      {
I've put in what seems to be necessary to fix
the current column of the current alignment.
Try to go on, since this might almost work.

! Missing \cr inserted.
<inserted text> 
                \cr 
l.23 }
      {
I'm guessing that you meant to end an alignment here.

! Missing } inserted.
<inserted text> 
                }
l.23 }
      {
I've put in what seems to be necessary to fix
the current column of the current alignment.
Try to go on, since this might almost work.

! Missing \cr inserted.
<inserted text> 
                \cr 
l.23 }
      {
I'm guessing that you meant to end an alignment here.

! Missing } inserted.
<inserted text> 
                }
l.23 }
      {
I've put in what seems to be necessary to fix
the current column of the current alignment.
Try to go on, since this might almost work.

! Missing \cr inserted.
<inserted text> 
                \cr 
l.23 }
      {
I'm guessing that you meant to end an alignment here.

! Missing } inserted.
<inserted text> 
                }
l.23 }
      {
I've put in what seems to be necessary to fix
the current column of the current alignment.
Try to go on, since this might almost work.

! Missing \cr inserted.
<inserted text> 
                \cr 
l.23 }
      {
I'm guessing that you meant to end an alignment here.

! Missing } inserted.
<inserted text> 
                }
l.23 }
      {
I've put in what seems to be necessary to fix
the current column of the current alignment.
Try to go on, since this might almost work.

! Missing \cr inserted.
<inserted text> 
                \cr 
l.23 }
      {
I'm guessing that you meant to end an alignment here.

! Missing } inserted.
<inserted text> 
                }
l.23 }
      {
I've put in what seems to be necessary to fix
the current column of the current alignment.
Try to go on, since this might almost work.

! Missing \cr inserted.
<inserted text> 
                \cr 
l.23 }
      {
I'm guessing that you meant to end an alignment here.

! Missing } inserted.
<inserted text> 
                }
l.23 }
      {
I've put in what seems to be necessary to fix
the current column of the current alignment.
Try to go on, since this might almost work.

! Missing \cr inserted.
<inserted text> 
                \cr 
l.23 }
      {
I'm guessing that you meant to end an alignment here.

! Missing } inserted.
<inserted text> 
                }
l.23 }
      {
I've put in what seems to be necessary to fix
the current column of the current alignment.
Try to go on, since this might almost work.

! Missing \cr inserted.
<inserted text> 
                \cr 
l.23 }
      {
I'm guessing that you meant to end an alignment here.

! Missing } inserted.
<inserted text> 
                }
l.23 }
      {
I've put in what seems to be necessary to fix
the current column of the current alignment.
Try to go on, since this might almost work.

! Missing \cr inserted.
<inserted text> 
                \cr 
l.23 }
      {
I'm guessing that you meant to end an alignment here.

! Missing } inserted.
<inserted text> 
                }
l.23 }
      {
I've put in what seems to be necessary to fix
the current column of the current alignment.
Try to go on, since this might almost work.

! Missing \cr inserted.
<inserted text> 
                \cr 
l.23 }
      {
I'm guessing that you meant to end an alignment here.

! Missing } inserted.
<inserted text> 
                }
l.23 }
      {
I've put in what seems to be necessary to fix
the current column of the current alignment.
Try to go on, since this might almost work.

! Missing \cr inserted.
<inserted text> 
                \cr 
l.23 }
      {
I'm guessing that you meant to end an alignment here.

! Missing } inserted.
<inserted text> 
                }
l.23 }
      {
I've put in what seems to be necessary to fix
the current column of the current alignment.
Try to go on, since this might almost work.

! Missing \cr inserted.
<inserted text> 
                \cr 
l.23 }
      {
I'm guessing that you meant to end an alignment here.

! Missing } inserted.
<inserted text> 
                }
l.23 }
      {
I've put in what seems to be necessary to fix
the current column of the current alignment.
Try to go on, since this might almost work.

! Missing \cr inserted.
<inserted text> 
                \cr 
l.23 }
      {
I'm guessing that you meant to end an alignment here.

! Missing } inserted.
<inserted text> 
                }
l.23 }
      {
I've put in what seems to be necessary to fix
the current column of the current alignment.
Try to go on, since this might almost work.

! Missing \cr inserted.
<inserted text> 
                \cr 
l.23 }
      {
I'm guessing that you meant to end an alignment here.

! Missing } inserted.
<inserted text> 
                }
l.23 }
      {
I've put in what seems to be necessary to fix
the current column of the current alignment.
Try to go on, since this might almost work.

! Missing \cr inserted.
<inserted text> 
                \cr 
l.23 }
      {
I'm guessing that you meant to end an alignment here.

! Missing } inserted.
<inserted text> 
                }
l.23 }
      {
I've put in what seems to be necessary to fix
the current column of the current alignment.
Try to go on, since this might almost work.

! Missing \cr inserted.
<inserted text> 
                \cr 
l.23 }
      {
I'm guessing that you meant to end an alignment here.

! Missing } inserted.
<inserted text> 
                }
l.23 }
      {
I've put in what seems to be necessary to fix
the current column of the current alignment.
Try to go on, since this might almost work.

! Missing \cr inserted.
<inserted text> 
                \cr 
l.23 }
      {
I'm guessing that you meant to end an alignment here.

! Missing } inserted.
<inserted text> 
                }
l.23 }
      {
I've put in what seems to be necessary to fix
the current column of the current alignment.
Try to go on, since this might almost work.

! Missing \cr inserted.
<inserted text> 
                \cr 
l.23 }
      {
I'm guessing that you meant to end an alignment here.

! Missing } inserted.
<inserted text> 
                }
l.23 }
      {
I've put in what seems to be necessary to fix
the current column of the current alignment.
Try to go on, since this might almost work.

! Missing \cr inserted.
<inserted text> 
                \cr 
l.23 }
      {
I'm guessing that you meant to end an alignment here.

! Missing } inserted.
<inserted text> 
                }
l.23 }
      {
I've put in what seems to be necessary to fix
the current column of the current alignment.
Try to go on, since this might almost work.

! Missing \cr inserted.
<inserted text> 
                \cr 
l.23 }
      {
I'm guessing that you meant to end an alignment here.

! Missing } inserted.
<inserted text> 
                }
l.23 }
      {
I've put in what seems to be necessary to fix
the current column of the current alignment.
Try to go on, since this might almost work.

! Missing \cr inserted.
<inserted text> 
                \cr 
l.23 }
      {
I'm guessing that you meant to end an alignment here.

! Missing } inserted.
<inserted text> 
                }
l.23 }
      {
I've put in what seems to be necessary to fix
the current column of the current alignment.
Try to go on, since this might almost work.

! Missing \cr inserted.
<inserted text> 
                \cr 
l.23 }
      {
I'm guessing that you meant to end an alignment here.

! Missing } inserted.
<inserted text> 
                }
l.23 }
      {
I've put in what seems to be necessary to fix
the current column of the current alignment.
Try to go on, since this might almost work.

! Missing \cr inserted.
<inserted text> 
                \cr 
l.23 }
      {
I'm guessing that you meant to end an alignment here.

! Missing } inserted.
<inserted text> 
                }
l.23 }
      {
I've put in what seems to be necessary to fix
the current column of the current alignment.
Try to go on, since this might almost work.

! Missing \cr inserted.
<inserted text> 
                \cr 
l.23 }
      {
(That makes 100 errors; please try again.) 
Here is how much of TeX's memory you used:
 3399 strings out of 492615
 46987 string characters out of 6131389
 116882 words of memory out of 5000000
 7274 multiletter control sequences out of 15000+600000
 5965 words of font info for 26 fonts, out of 8000000 for 9000
 1141 hyphenation exceptions out of 8191
 88i,12n,56p,271b,218s stack positions out of 5000i,500n,10000p,200000b,80000s

!  ==> Fatal error occurred, no output PDF file produced!

-----END LOG-----