_________________________________
|12/09/2019 [04:27:37 PM]
|
|    Completed successfully
|    Items processed: 78 (102 MB)
|    Total time: 00:00:00
|________________________________

[04:27:37 PM]  Info:  Creating folder "/home/aghiles/Downloads2/FreeFileSync_10.18_Linux"
[04:27:37 PM]  Info:  Creating folder "/home/aghiles/Downloads2/syncthing-linux-amd64-v1.3.2"
[04:27:37 PM]  Info:  Creating file "/home/aghiles/Downloads2/unetbootin-linux64-675.bin"
[04:27:37 PM]  Info:  Creating folder "/home/aghiles/Downloads2/FreeFileSync_10.18_Linux/FreeFileSync"
[04:27:37 PM]  Info:  Creating file "/home/aghiles/Downloads2/FreeFileSync_10.18_Linux/FreeFileSync_10.18_Linux.tar.gz"
[04:27:37 PM]  Info:  Creating folder "/home/aghiles/Downloads2/syncthing-linux-amd64-v1.3.2/.metadata"
[04:27:37 PM]  Info:  Creating folder "/home/aghiles/Downloads2/syncthing-linux-amd64-v1.3.2/etc"
[04:27:37 PM]  Info:  Creating folder "/home/aghiles/Downloads2/syncthing-linux-amd64-v1.3.2/extra"
[04:27:37 PM]  Info:  Creating file "/home/aghiles/Downloads2/syncthing-linux-amd64-v1.3.2/AUTHORS.txt"
[04:27:37 PM]  Info:  Creating file "/home/aghiles/Downloads2/syncthing-linux-amd64-v1.3.2/LICENSE.txt"
[04:27:37 PM]  Info:  Creating file "/home/aghiles/Downloads2/syncthing-linux-amd64-v1.3.2/README.txt"
[04:27:37 PM]  Info:  Creating file "/home/aghiles/Downloads2/syncthing-linux-amd64-v1.3.2/syncthing"
[04:27:37 PM]  Info:  Creating file "/home/aghiles/Downloads2/syncthing-linux-amd64-v1.3.2/syncthing-linux-amd64-v1.3.2.tar.gz"
[04:27:37 PM]  Info:  Creating file "/home/aghiles/Downloads2/syncthing-linux-amd64-v1.3.2/syncthing.sig"
[04:27:37 PM]  Info:  Creating folder "/home/aghiles/Downloads2/FreeFileSync_10.18_Linux/FreeFileSync/Bin"
[04:27:37 PM]  Info:  Creating folder "/home/aghiles/Downloads2/FreeFileSync_10.18_Linux/FreeFileSync/Resources"
[04:27:37 PM]  Info:  Creating file "/home/aghiles/Downloads2/FreeFileSync_10.18_Linux/FreeFileSync/CHANGELOG"
[04:27:37 PM]  Info:  Creating file "/home/aghiles/Downloads2/FreeFileSync_10.18_Linux/FreeFileSync/FreeFileSync"
[04:27:37 PM]  Info:  Creating file "/home/aghiles/Downloads2/FreeFileSync_10.18_Linux/FreeFileSync/FreeFileSync.desktop"
[04:27:37 PM]  Info:  Creating file "/home/aghiles/Downloads2/FreeFileSync_10.18_Linux/FreeFileSync/LICENSE"
[04:27:37 PM]  Info:  Creating file "/home/aghiles/Downloads2/FreeFileSync_10.18_Linux/FreeFileSync/RealTimeSync"
[04:27:37 PM]  Info:  Creating file "/home/aghiles/Downloads2/FreeFileSync_10.18_Linux/FreeFileSync/RealTimeSync.desktop"
[04:27:37 PM]  Info:  Creating file "/home/aghiles/Downloads2/FreeFileSync_10.18_Linux/FreeFileSync/User Manual.pdf"
[04:27:37 PM]  Info:  Creating file "/home/aghiles/Downloads2/syncthing-linux-amd64-v1.3.2/.metadata/release.sig"
[04:27:37 PM]  Info:  Creating folder "/home/aghiles/Downloads2/syncthing-linux-amd64-v1.3.2/etc/firewall-ufw"
[04:27:37 PM]  Info:  Creating folder "/home/aghiles/Downloads2/syncthing-linux-amd64-v1.3.2/etc/freebsd-rc"
[04:27:37 PM]  Info:  Creating folder "/home/aghiles/Downloads2/syncthing-linux-amd64-v1.3.2/etc/linux-desktop"
[04:27:37 PM]  Info:  Creating folder "/home/aghiles/Downloads2/syncthing-linux-amd64-v1.3.2/etc/linux-runit"
[04:27:37 PM]  Info:  Creating folder "/home/aghiles/Downloads2/syncthing-linux-amd64-v1.3.2/etc/linux-systemd"
[04:27:37 PM]  Info:  Creating folder "/home/aghiles/Downloads2/syncthing-linux-amd64-v1.3.2/etc/linux-upstart"
[04:27:37 PM]  Info:  Creating folder "/home/aghiles/Downloads2/syncthing-linux-amd64-v1.3.2/etc/macos-launchd"
[04:27:37 PM]  Info:  Creating folder "/home/aghiles/Downloads2/syncthing-linux-amd64-v1.3.2/etc/solaris-smf"
[04:27:37 PM]  Info:  Creating file "/home/aghiles/Downloads2/syncthing-linux-amd64-v1.3.2/etc/README.md"
[04:27:37 PM]  Info:  Creating file "/home/aghiles/Downloads2/syncthing-linux-amd64-v1.3.2/extra/FAQ.pdf"
[04:27:37 PM]  Info:  Creating file "/home/aghiles/Downloads2/syncthing-linux-amd64-v1.3.2/extra/Getting-Started.pdf"
[04:27:37 PM]  Info:  Creating file "/home/aghiles/Downloads2/FreeFileSync_10.18_Linux/FreeFileSync/Bin/FreeFileSync_i686"
[04:27:37 PM]  Info:  Creating file "/home/aghiles/Downloads2/FreeFileSync_10.18_Linux/FreeFileSync/Bin/FreeFileSync_x86_64"
[04:27:38 PM]  Info:  Creating file "/home/aghiles/Downloads2/FreeFileSync_10.18_Linux/FreeFileSync/Bin/RealTimeSync_i686"
[04:27:38 PM]  Info:  Creating file "/home/aghiles/Downloads2/FreeFileSync_10.18_Linux/FreeFileSync/Bin/RealTimeSync_x86_64"
[04:27:38 PM]  Info:  Creating file "/home/aghiles/Downloads2/FreeFileSync_10.18_Linux/FreeFileSync/Resources/FreeFileSync.png"
[04:27:38 PM]  Info:  Creating file "/home/aghiles/Downloads2/FreeFileSync_10.18_Linux/FreeFileSync/Resources/Gtk2Styles.rc"
[04:27:38 PM]  Info:  Creating file "/home/aghiles/Downloads2/FreeFileSync_10.18_Linux/FreeFileSync/Resources/Gtk3Styles.css"
[04:27:38 PM]  Info:  Creating file "/home/aghiles/Downloads2/FreeFileSync_10.18_Linux/FreeFileSync/Resources/Icons.zip"
[04:27:38 PM]  Info:  Creating file "/home/aghiles/Downloads2/FreeFileSync_10.18_Linux/FreeFileSync/Resources/Languages.zip"
[04:27:38 PM]  Info:  Creating file "/home/aghiles/Downloads2/FreeFileSync_10.18_Linux/FreeFileSync/Resources/RealTimeSync.png"
[04:27:38 PM]  Info:  Creating file "/home/aghiles/Downloads2/FreeFileSync_10.18_Linux/FreeFileSync/Resources/bell.wav"
[04:27:38 PM]  Info:  Creating file "/home/aghiles/Downloads2/FreeFileSync_10.18_Linux/FreeFileSync/Resources/bell2.wav"
[04:27:38 PM]  Info:  Creating file "/home/aghiles/Downloads2/FreeFileSync_10.18_Linux/FreeFileSync/Resources/cacert.pem"
[04:27:38 PM]  Info:  Creating file "/home/aghiles/Downloads2/FreeFileSync_10.18_Linux/FreeFileSync/Resources/ding.wav"
[04:27:38 PM]  Info:  Creating file "/home/aghiles/Downloads2/FreeFileSync_10.18_Linux/FreeFileSync/Resources/gong.wav"
[04:27:38 PM]  Info:  Creating file "/home/aghiles/Downloads2/FreeFileSync_10.18_Linux/FreeFileSync/Resources/harp.wav"
[04:27:38 PM]  Info:  Creating file "/home/aghiles/Downloads2/FreeFileSync_10.18_Linux/FreeFileSync/Resources/notify.wav"
[04:27:38 PM]  Info:  Creating file "/home/aghiles/Downloads2/syncthing-linux-amd64-v1.3.2/etc/firewall-ufw/README.md"
[04:27:38 PM]  Info:  Creating file "/home/aghiles/Downloads2/syncthing-linux-amd64-v1.3.2/etc/firewall-ufw/syncthing"
[04:27:38 PM]  Info:  Creating file "/home/aghiles/Downloads2/syncthing-linux-amd64-v1.3.2/etc/freebsd-rc/README.md"
[04:27:38 PM]  Info:  Creating file "/home/aghiles/Downloads2/syncthing-linux-amd64-v1.3.2/etc/freebsd-rc/syncthing"
[04:27:38 PM]  Info:  Creating file "/home/aghiles/Downloads2/syncthing-linux-amd64-v1.3.2/etc/linux-desktop/README.md"
[04:27:38 PM]  Info:  Creating file "/home/aghiles/Downloads2/syncthing-linux-amd64-v1.3.2/etc/linux-desktop/syncthing-start.desktop"
[04:27:38 PM]  Info:  Creating file "/home/aghiles/Downloads2/syncthing-linux-amd64-v1.3.2/etc/linux-desktop/syncthing-ui.desktop"
[04:27:38 PM]  Info:  Creating folder "/home/aghiles/Downloads2/syncthing-linux-amd64-v1.3.2/etc/linux-runit/log"
[04:27:38 PM]  Info:  Creating file "/home/aghiles/Downloads2/syncthing-linux-amd64-v1.3.2/etc/linux-runit/README.md"
[04:27:38 PM]  Info:  Creating file "/home/aghiles/Downloads2/syncthing-linux-amd64-v1.3.2/etc/linux-runit/run"
[04:27:38 PM]  Info:  Creating folder "/home/aghiles/Downloads2/syncthing-linux-amd64-v1.3.2/etc/linux-systemd/system"
[04:27:38 PM]  Info:  Creating folder "/home/aghiles/Downloads2/syncthing-linux-amd64-v1.3.2/etc/linux-systemd/user"
[04:27:38 PM]  Info:  Creating file "/home/aghiles/Downloads2/syncthing-linux-amd64-v1.3.2/etc/linux-systemd/README.md"
[04:27:38 PM]  Info:  Creating folder "/home/aghiles/Downloads2/syncthing-linux-amd64-v1.3.2/etc/linux-upstart/system"
[04:27:38 PM]  Info:  Creating folder "/home/aghiles/Downloads2/syncthing-linux-amd64-v1.3.2/etc/linux-upstart/user"
[04:27:38 PM]  Info:  Creating file "/home/aghiles/Downloads2/syncthing-linux-amd64-v1.3.2/etc/linux-upstart/README.md"
[04:27:38 PM]  Info:  Creating file "/home/aghiles/Downloads2/syncthing-linux-amd64-v1.3.2/etc/macos-launchd/README.md"
[04:27:38 PM]  Info:  Creating file "/home/aghiles/Downloads2/syncthing-linux-amd64-v1.3.2/etc/macos-launchd/syncthing.plist"
[04:27:38 PM]  Info:  Creating file "/home/aghiles/Downloads2/syncthing-linux-amd64-v1.3.2/etc/solaris-smf/README.md"
[04:27:38 PM]  Info:  Creating file "/home/aghiles/Downloads2/syncthing-linux-amd64-v1.3.2/etc/solaris-smf/syncthing.xml"
[04:27:38 PM]  Info:  Creating file "/home/aghiles/Downloads2/syncthing-linux-amd64-v1.3.2/etc/linux-runit/log/run"
[04:27:38 PM]  Info:  Creating file "/home/aghiles/Downloads2/syncthing-linux-amd64-v1.3.2/etc/linux-systemd/system/syncthing-resume.service"
[04:27:38 PM]  Info:  Creating file "/home/aghiles/Downloads2/syncthing-linux-amd64-v1.3.2/etc/linux-systemd/system/syncthing@.service"
[04:27:38 PM]  Info:  Creating file "/home/aghiles/Downloads2/syncthing-linux-amd64-v1.3.2/etc/linux-systemd/user/syncthing.service"
[04:27:38 PM]  Info:  Creating file "/home/aghiles/Downloads2/syncthing-linux-amd64-v1.3.2/etc/linux-upstart/system/syncthing.conf"
[04:27:38 PM]  Info:  Creating file "/home/aghiles/Downloads2/syncthing-linux-amd64-v1.3.2/etc/linux-upstart/user/syncthing.conf"
