0 info it worked if it ends with ok
1 verbose cli [ '/usr/bin/node', '/usr/bin/npm', 'install', '-g', 'prettier' ]
2 info using npm@6.13.4
3 info using node@v10.18.0
4 verbose npm-session de3fbf5329aed5b8
5 silly install loadCurrentTree
6 silly install readGlobalPackageData
7 http fetch GET 200 https://registry.npmjs.org/prettier 142ms
8 silly pacote tag manifest for prettier@latest fetched in 158ms
9 timing stage:loadCurrentTree Completed in 173ms
10 silly install loadIdealTree
11 silly install cloneCurrentTreeToIdealTree
12 timing stage:loadIdealTree:cloneCurrentTree Completed in 0ms
13 silly install loadShrinkwrap
14 timing stage:loadIdealTree:loadShrinkwrap Completed in 1ms
15 silly install loadAllDepsIntoIdealTree
16 silly resolveWithNewModule prettier@1.19.1 checking installable status
17 timing stage:loadIdealTree:loadAllDepsIntoIdealTree Completed in 5ms
18 timing stage:loadIdealTree Completed in 8ms
19 silly currentTree lib
20 silly idealTree lib
20 silly idealTree └── prettier@1.19.1
21 silly install generateActionsToTake
22 warn checkPermissions Missing write access to /usr/lib/node_modules
23 timing stage:rollbackFailedOptional Completed in 0ms
24 timing stage:runTopLevelLifecycles Completed in 185ms
25 verbose stack Error: EACCES: permission denied, access '/usr/lib/node_modules'
26 verbose cwd /home/aghiles
27 verbose Linux 4.19.0-6-amd64
28 verbose argv "/usr/bin/node" "/usr/bin/npm" "install" "-g" "prettier"
29 verbose node v10.18.0
30 verbose npm  v6.13.4
31 error code EACCES
32 error syscall access
33 error path /usr/lib/node_modules
34 error errno -13
35 error Error: EACCES: permission denied, access '/usr/lib/node_modules'
35 error  { [Error: EACCES: permission denied, access '/usr/lib/node_modules']
35 error   stack:
35 error    'Error: EACCES: permission denied, access \'/usr/lib/node_modules\'',
35 error   errno: -13,
35 error   code: 'EACCES',
35 error   syscall: 'access',
35 error   path: '/usr/lib/node_modules' }
36 error The operation was rejected by your operating system.
36 error It is likely you do not have the permissions to access this file as the current user
36 error
36 error If you believe this might be a permissions issue, please double-check the
36 error permissions of the file and its containing directories, or try running
36 error the command again as root/Administrator.
37 verbose exit [ -13, true ]
