[    25.489] (--) Log file renamed from "/home/aghiles/.local/share/xorg/Xorg.pid-1965.log" to "/home/aghiles/.local/share/xorg/Xorg.0.log"
[    25.490] 
X.Org X Server 1.20.4
X Protocol Version 11, Revision 0
[    25.490] Build Operating System: Linux 4.9.0-8-amd64 x86_64 Debian
[    25.490] Current Operating System: Linux dell 4.19.0-6-amd64 #1 SMP Debian 4.19.67-2+deb10u2 (2019-11-11) x86_64
[    25.490] Kernel command line: BOOT_IMAGE=/boot/vmlinuz-4.19.0-6-amd64 root=UUID=ebed8283-55c9-461e-8822-eb51ef8a6bd8 ro quiet
[    25.490] Build Date: 05 March 2019  08:11:12PM
[    25.490] xorg-server 2:1.20.4-1 (https://www.debian.org/support) 
[    25.490] Current version of pixman: 0.36.0
[    25.490] 	Before reporting problems, check http://wiki.x.org
	to make sure that you have the latest version.
[    25.490] Markers: (--) probed, (**) from config file, (==) default setting,
	(++) from command line, (!!) notice, (II) informational,
	(WW) warning, (EE) error, (NI) not implemented, (??) unknown.
[    25.490] (==) Log file: "/home/aghiles/.local/share/xorg/Xorg.0.log", Time: Sat Jan  4 14:46:26 2020
[    25.490] (==) Using system config directory "/usr/share/X11/xorg.conf.d"
[    25.497] (==) No Layout section.  Using the first Screen section.
[    25.497] (==) No screen section available. Using defaults.
[    25.497] (**) |-->Screen "Default Screen Section" (0)
[    25.497] (**) |   |-->Monitor "<default monitor>"
[    25.498] (==) No monitor specified for screen "Default Screen Section".
	Using a default monitor configuration.
[    25.498] (==) Automatically adding devices
[    25.498] (==) Automatically enabling devices
[    25.498] (==) Automatically adding GPU devices
[    25.498] (==) Max clients allowed: 256, resource mask: 0x1fffff
[    25.498] (WW) The directory "/usr/share/fonts/X11/cyrillic" does not exist.
[    25.498] 	Entry deleted from font path.
[    25.498] (==) FontPath set to:
	/usr/share/fonts/X11/misc,
	/usr/share/fonts/X11/100dpi/:unscaled,
	/usr/share/fonts/X11/75dpi/:unscaled,
	/usr/share/fonts/X11/Type1,
	/usr/share/fonts/X11/100dpi,
	/usr/share/fonts/X11/75dpi,
	built-ins
[    25.498] (==) ModulePath set to "/usr/lib/xorg/modules"
[    25.498] (II) The server relies on udev to provide the list of input devices.
	If no devices become available, reconfigure udev or disable AutoAddDevices.
[    25.498] (II) Loader magic: 0x560b7879de20
[    25.498] (II) Module ABI versions:
[    25.498] 	X.Org ANSI C Emulation: 0.4
[    25.498] 	X.Org Video Driver: 24.0
[    25.498] 	X.Org XInput driver : 24.1
[    25.498] 	X.Org Server Extension : 10.0
[    25.499] (++) using VT number 2

[    25.502] (II) systemd-logind: took control of session /org/freedesktop/login1/session/_32
[    25.503] (II) xfree86: Adding drm device (/dev/dri/card0)
[    25.505] (II) systemd-logind: got fd for /dev/dri/card0 226:0 fd 12 paused 0
[    25.508] (--) PCI:*(0@0:2:0) 8086:1916:1028:07a0 rev 7, Mem @ 0xeb000000/16777216, 0xa0000000/268435456, I/O @ 0x0000f000/64, BIOS @ 0x????????/131072
[    25.509] (II) LoadModule: "glx"
[    25.526] (II) Loading /usr/lib/xorg/modules/extensions/libglx.so
[    25.535] (II) Module glx: vendor="X.Org Foundation"
[    25.535] 	compiled for 1.20.4, module version = 1.0.0
[    25.535] 	ABI class: X.Org Server Extension, version 10.0
[    25.535] (==) Matched modesetting as autoconfigured driver 0
[    25.535] (==) Matched fbdev as autoconfigured driver 1
[    25.535] (==) Matched vesa as autoconfigured driver 2
[    25.535] (==) Assigned the driver to the xf86ConfigLayout
[    25.535] (II) LoadModule: "modesetting"
[    25.535] (II) Loading /usr/lib/xorg/modules/drivers/modesetting_drv.so
[    25.538] (II) Module modesetting: vendor="X.Org Foundation"
[    25.538] 	compiled for 1.20.4, module version = 1.20.4
[    25.538] 	Module class: X.Org Video Driver
[    25.538] 	ABI class: X.Org Video Driver, version 24.0
[    25.538] (II) LoadModule: "fbdev"
[    25.538] (II) Loading /usr/lib/xorg/modules/drivers/fbdev_drv.so
[    25.538] (II) Module fbdev: vendor="X.Org Foundation"
[    25.538] 	compiled for 1.20.0, module version = 0.5.0
[    25.538] 	Module class: X.Org Video Driver
[    25.538] 	ABI class: X.Org Video Driver, version 24.0
[    25.538] (II) LoadModule: "vesa"
[    25.539] (II) Loading /usr/lib/xorg/modules/drivers/vesa_drv.so
[    25.539] (II) Module vesa: vendor="X.Org Foundation"
[    25.539] 	compiled for 1.20.1, module version = 2.4.0
[    25.539] 	Module class: X.Org Video Driver
[    25.539] 	ABI class: X.Org Video Driver, version 24.0
[    25.539] (II) modesetting: Driver for Modesetting Kernel Drivers: kms
[    25.539] (II) FBDEV: driver for framebuffer: fbdev
[    25.539] (II) VESA: driver for VESA chipsets: vesa
[    25.539] xf86EnableIOPorts: failed to set IOPL for I/O (Operation not permitted)
[    25.539] (II) modeset(0): using drv /dev/dri/card0
[    25.539] (WW) Falling back to old probe method for fbdev
[    25.539] (II) Loading sub module "fbdevhw"
[    25.539] (II) LoadModule: "fbdevhw"
[    25.539] (II) Loading /usr/lib/xorg/modules/libfbdevhw.so
[    25.540] (II) Module fbdevhw: vendor="X.Org Foundation"
[    25.540] 	compiled for 1.20.4, module version = 0.0.2
[    25.540] 	ABI class: X.Org Video Driver, version 24.0
[    25.540] (WW) VGA arbiter: cannot open kernel arbiter, no multi-card support
[    25.540] (II) modeset(0): Creating default Display subsection in Screen section
	"Default Screen Section" for depth/fbbpp 24/32
[    25.540] (==) modeset(0): Depth 24, (==) framebuffer bpp 32
[    25.540] (==) modeset(0): RGB weight 888
[    25.540] (==) modeset(0): Default visual is TrueColor
[    25.540] (II) Loading sub module "glamoregl"
[    25.540] (II) LoadModule: "glamoregl"
[    25.540] (II) Loading /usr/lib/xorg/modules/libglamoregl.so
[    25.562] (II) Module glamoregl: vendor="X.Org Foundation"
[    25.562] 	compiled for 1.20.4, module version = 1.0.1
[    25.562] 	ABI class: X.Org ANSI C Emulation, version 0.4
[    25.641] (II) modeset(0): glamor X acceleration enabled on Mesa DRI Intel(R) HD Graphics 520 (Skylake GT2) 
[    25.641] (II) modeset(0): glamor initialized
[    25.654] (II) modeset(0): Output eDP-1 has no monitor section
[    25.654] (II) modeset(0): Output DP-1 has no monitor section
[    25.661] (II) modeset(0): Output HDMI-1 has no monitor section
[    25.661] (II) modeset(0): Output DP-2 has no monitor section
[    25.686] (II) modeset(0): Output HDMI-2 has no monitor section
[    25.690] (II) modeset(0): EDID for output eDP-1
[    25.690] (II) modeset(0): Manufacturer: BOE  Model: 6ee  Serial#: 0
[    25.690] (II) modeset(0): Year: 2016  Week: 1
[    25.690] (II) modeset(0): EDID Version: 1.4
[    25.690] (II) modeset(0): Digital Display Input
[    25.690] (II) modeset(0): 6 bits per channel
[    25.690] (II) modeset(0): Digital interface is DisplayPort
[    25.690] (II) modeset(0): Max Image Size [cm]: horiz.: 31  vert.: 17
[    25.690] (II) modeset(0): Gamma: 2.20
[    25.690] (II) modeset(0): No DPMS capabilities specified
[    25.690] (II) modeset(0): Supported color encodings: RGB 4:4:4 YCrCb 4:4:4 
[    25.690] (II) modeset(0): First detailed timing is preferred mode
[    25.690] (II) modeset(0): Preferred mode is native pixel format and refresh rate
[    25.690] (II) modeset(0): redX: 0.648 redY: 0.346   greenX: 0.328 greenY: 0.622
[    25.690] (II) modeset(0): blueX: 0.150 blueY: 0.063   whiteX: 0.312 whiteY: 0.328
[    25.690] (II) modeset(0): Manufacturer's mask: 0
[    25.690] (II) modeset(0): Supported detailed timing:
[    25.690] (II) modeset(0): clock: 140.0 MHz   Image Size:  309 x 173 mm
[    25.690] (II) modeset(0): h_active: 1920  h_sync: 1968  h_sync_end 2000 h_blank_end 2121 h_border: 0
[    25.690] (II) modeset(0): v_active: 1080  v_sync: 1083  v_sync_end 1089 v_blanking: 1100 v_border: 0
[    25.690] (II) modeset(0): Supported detailed timing:
[    25.690] (II) modeset(0): clock: 113.1 MHz   Image Size:  309 x 173 mm
[    25.690] (II) modeset(0): h_active: 1920  h_sync: 1968  h_sync_end 2000 h_blank_end 2142 h_border: 0
[    25.690] (II) modeset(0): v_active: 1080  v_sync: 1083  v_sync_end 1089 v_blanking: 1100 v_border: 0
[    25.690] (II) modeset(0):  6HY1W€NV14N47
[    25.690] (II) modeset(0): Unknown vendor-specific block 0
[    25.690] (II) modeset(0): EDID (in hex):
[    25.690] (II) modeset(0): 	00ffffffffffff0009e5ee0600000000
[    25.690] (II) modeset(0): 	011a0104951f11780a2190a658549f26
[    25.690] (II) modeset(0): 	10505400000001010101010101010101
[    25.690] (II) modeset(0): 	010101010101b03680c9703814403020
[    25.690] (II) modeset(0): 	360035ad1000001a302c80de70381440
[    25.690] (II) modeset(0): 	3020360035ad1000001a000000fe0036
[    25.690] (II) modeset(0): 	48593157804e5631344e343700000000
[    25.690] (II) modeset(0): 	000041119e000000000a010a20200048
[    25.691] (II) modeset(0): Printing probed modes for output eDP-1
[    25.691] (II) modeset(0): Modeline "1920x1080"x60.0  140.00  1920 1968 2000 2121  1080 1083 1089 1100 +hsync -vsync (66.0 kHz eP)
[    25.691] (II) modeset(0): Modeline "1920x1080"x119.9  266.50  1920 1944 1960 2000  1080 1081 1084 1111 doublescan +hsync -vsync (133.2 kHz d)
[    25.691] (II) modeset(0): Modeline "1920x1080"x60.0  173.00  1920 2048 2248 2576  1080 1083 1088 1120 -hsync +vsync (67.2 kHz d)
[    25.691] (II) modeset(0): Modeline "1920x1080"x59.9  138.50  1920 1968 2000 2080  1080 1083 1088 1111 +hsync -vsync (66.6 kHz d)
[    25.691] (II) modeset(0): Modeline "1920x1080"x48.0  113.12  1920 1968 2000 2142  1080 1083 1089 1100 +hsync -vsync (52.8 kHz e)
[    25.691] (II) modeset(0): Modeline "1680x1050"x60.0  146.25  1680 1784 1960 2240  1050 1053 1059 1089 -hsync +vsync (65.3 kHz d)
[    25.691] (II) modeset(0): Modeline "1680x1050"x59.9  119.00  1680 1728 1760 1840  1050 1053 1059 1080 +hsync -vsync (64.7 kHz d)
[    25.691] (II) modeset(0): Modeline "1600x1024"x60.2  103.12  1600 1600 1656 1664  1024 1024 1029 1030 +hsync +vsync (62.0 kHz d)
[    25.691] (II) modeset(0): Modeline "1400x1050"x60.0  122.00  1400 1488 1640 1880  1050 1052 1064 1082 +hsync +vsync (64.9 kHz d)
[    25.691] (II) modeset(0): Modeline "1600x900"x120.0  246.00  1600 1728 1900 2200  900 901 904 932 doublescan -hsync +vsync (111.8 kHz d)
[    25.691] (II) modeset(0): Modeline "1600x900"x119.9  186.50  1600 1624 1640 1680  900 901 904 926 doublescan +hsync -vsync (111.0 kHz d)
[    25.691] (II) modeset(0): Modeline "1600x900"x59.9  118.25  1600 1696 1856 2112  900 903 908 934 -hsync +vsync (56.0 kHz d)
[    25.691] (II) modeset(0): Modeline "1600x900"x59.8   97.50  1600 1648 1680 1760  900 903 908 926 +hsync -vsync (55.4 kHz d)
[    25.691] (II) modeset(0): Modeline "1280x1024"x60.0  108.00  1280 1328 1440 1688  1024 1025 1028 1066 +hsync +vsync (64.0 kHz d)
[    25.691] (II) modeset(0): Modeline "1440x900"x59.9  106.50  1440 1520 1672 1904  900 903 909 934 -hsync +vsync (55.9 kHz d)
[    25.691] (II) modeset(0): Modeline "1400x900"x60.0  103.50  1400 1480 1624 1848  900 903 913 934 -hsync +vsync (56.0 kHz d)
[    25.691] (II) modeset(0): Modeline "1400x900"x59.9   86.50  1400 1448 1480 1560  900 903 913 926 +hsync -vsync (55.4 kHz d)
[    25.691] (II) modeset(0): Modeline "1280x960"x60.0  108.00  1280 1376 1488 1800  960 961 964 1000 +hsync +vsync (60.0 kHz d)
[    25.691] (II) modeset(0): Modeline "1440x810"x120.0  198.12  1440 1548 1704 1968  810 811 814 839 doublescan -hsync +vsync (100.7 kHz d)
[    25.691] (II) modeset(0): Modeline "1440x810"x119.9  151.88  1440 1464 1480 1520  810 811 814 833 doublescan +hsync -vsync (99.9 kHz d)
[    25.691] (II) modeset(0): Modeline "1368x768"x59.9   85.25  1368 1440 1576 1784  768 771 781 798 -hsync +vsync (47.8 kHz d)
[    25.691] (II) modeset(0): Modeline "1368x768"x59.9   72.25  1368 1416 1448 1528  768 771 781 790 +hsync -vsync (47.3 kHz d)
[    25.691] (II) modeset(0): Modeline "1360x768"x59.8   84.75  1360 1432 1568 1776  768 771 781 798 -hsync +vsync (47.7 kHz d)
[    25.691] (II) modeset(0): Modeline "1360x768"x60.0   72.00  1360 1408 1440 1520  768 771 781 790 +hsync -vsync (47.4 kHz d)
[    25.691] (II) modeset(0): Modeline "1280x800"x120.0  174.25  1280 1380 1516 1752  800 801 804 829 doublescan -hsync +vsync (99.5 kHz d)
[    25.691] (II) modeset(0): Modeline "1280x800"x119.9  134.25  1280 1304 1320 1360  800 801 804 823 doublescan +hsync -vsync (98.7 kHz d)
[    25.691] (II) modeset(0): Modeline "1280x800"x59.8   83.50  1280 1352 1480 1680  800 803 809 831 -hsync +vsync (49.7 kHz d)
[    25.691] (II) modeset(0): Modeline "1280x800"x59.9   71.00  1280 1328 1360 1440  800 803 809 823 +hsync -vsync (49.3 kHz d)
[    25.691] (II) modeset(0): Modeline "1152x864"x60.0   81.62  1152 1216 1336 1520  864 865 868 895 -hsync +vsync (53.7 kHz d)
[    25.691] (II) modeset(0): Modeline "1280x720"x120.0  156.12  1280 1376 1512 1744  720 721 724 746 doublescan -hsync +vsync (89.5 kHz d)
[    25.691] (II) modeset(0): Modeline "1280x720"x120.0  120.75  1280 1304 1320 1360  720 721 724 740 doublescan +hsync -vsync (88.8 kHz d)
[    25.691] (II) modeset(0): Modeline "1280x720"x59.9   74.50  1280 1344 1472 1664  720 723 728 748 -hsync +vsync (44.8 kHz d)
[    25.691] (II) modeset(0): Modeline "1280x720"x59.7   63.75  1280 1328 1360 1440  720 723 728 741 +hsync -vsync (44.3 kHz d)
[    25.691] (II) modeset(0): Modeline "1024x768"x120.1  133.47  1024 1100 1212 1400  768 768 770 794 doublescan -hsync +vsync (95.3 kHz d)
[    25.691] (II) modeset(0): Modeline "1024x768"x60.0   65.00  1024 1048 1184 1344  768 771 777 806 -hsync -vsync (48.4 kHz d)
[    25.691] (II) modeset(0): Modeline "960x720"x120.0  117.00  960 1024 1128 1300  720 720 722 750 doublescan -hsync +vsync (90.0 kHz d)
[    25.691] (II) modeset(0): Modeline "928x696"x120.1  109.15  928 976 1088 1264  696 696 698 719 doublescan -hsync +vsync (86.4 kHz d)
[    25.691] (II) modeset(0): Modeline "896x672"x120.0  102.40  896 960 1060 1224  672 672 674 697 doublescan -hsync +vsync (83.7 kHz d)
[    25.691] (II) modeset(0): Modeline "1024x576"x119.9   98.50  1024 1092 1200 1376  576 577 580 597 doublescan -hsync +vsync (71.6 kHz d)
[    25.691] (II) modeset(0): Modeline "1024x576"x119.9   78.38  1024 1048 1064 1104  576 577 580 592 doublescan +hsync -vsync (71.0 kHz d)
[    25.691] (II) modeset(0): Modeline "1024x576"x59.9   46.50  1024 1064 1160 1296  576 579 584 599 -hsync +vsync (35.9 kHz d)
[    25.691] (II) modeset(0): Modeline "1024x576"x59.8   42.00  1024 1072 1104 1184  576 579 584 593 +hsync -vsync (35.5 kHz d)
[    25.691] (II) modeset(0): Modeline "960x600"x119.9   96.62  960 1028 1128 1296  600 601 604 622 doublescan -hsync +vsync (74.6 kHz d)
[    25.691] (II) modeset(0): Modeline "960x600"x120.0   77.00  960 984 1000 1040  600 601 604 617 doublescan +hsync -vsync (74.0 kHz d)
[    25.691] (II) modeset(0): Modeline "960x540"x119.9   86.50  960 1024 1124 1288  540 541 544 560 doublescan -hsync +vsync (67.2 kHz d)
[    25.691] (II) modeset(0): Modeline "960x540"x120.0   69.25  960 984 1000 1040  540 541 544 555 doublescan +hsync -vsync (66.6 kHz d)
[    25.691] (II) modeset(0): Modeline "960x540"x59.6   40.75  960 992 1088 1216  540 543 548 562 -hsync +vsync (33.5 kHz d)
[    25.691] (II) modeset(0): Modeline "960x540"x59.8   37.25  960 1008 1040 1120  540 543 548 556 +hsync -vsync (33.3 kHz d)
[    25.691] (II) modeset(0): Modeline "800x600"x120.0   81.00  800 832 928 1080  600 600 602 625 doublescan +hsync +vsync (75.0 kHz d)
[    25.691] (II) modeset(0): Modeline "800x600"x60.3   40.00  800 840 968 1056  600 601 605 628 +hsync +vsync (37.9 kHz d)
[    25.691] (II) modeset(0): Modeline "800x600"x56.2   36.00  800 824 896 1024  600 601 603 625 +hsync +vsync (35.2 kHz d)
[    25.691] (II) modeset(0): Modeline "840x525"x120.0   73.12  840 892 980 1120  525 526 529 544 doublescan -hsync +vsync (65.3 kHz d)
[    25.691] (II) modeset(0): Modeline "840x525"x119.8   59.50  840 864 880 920  525 526 529 540 doublescan +hsync -vsync (64.7 kHz d)
[    25.691] (II) modeset(0): Modeline "864x486"x59.9   32.50  864 888 968 1072  486 489 494 506 -hsync +vsync (30.3 kHz d)
[    25.691] (II) modeset(0): Modeline "864x486"x59.6   30.50  864 912 944 1024  486 489 494 500 +hsync -vsync (29.8 kHz d)
[    25.691] (II) modeset(0): Modeline "800x512"x120.3   51.56  800 800 828 832  512 512 514 515 doublescan +hsync +vsync (62.0 kHz d)
[    25.691] (II) modeset(0): Modeline "700x525"x120.0   61.00  700 744 820 940  525 526 532 541 doublescan +hsync +vsync (64.9 kHz d)
[    25.691] (II) modeset(0): Modeline "800x450"x119.9   59.12  800 848 928 1056  450 451 454 467 doublescan -hsync +vsync (56.0 kHz d)
[    25.691] (II) modeset(0): Modeline "800x450"x119.6   48.75  800 824 840 880  450 451 454 463 doublescan +hsync -vsync (55.4 kHz d)
[    25.691] (II) modeset(0): Modeline "640x512"x120.0   54.00  640 664 720 844  512 512 514 533 doublescan +hsync +vsync (64.0 kHz d)
[    25.691] (II) modeset(0): Modeline "720x450"x119.8   53.25  720 760 836 952  450 451 454 467 doublescan -hsync +vsync (55.9 kHz d)
[    25.691] (II) modeset(0): Modeline "700x450"x119.9   51.75  700 740 812 924  450 451 456 467 doublescan -hsync +vsync (56.0 kHz d)
[    25.691] (II) modeset(0): Modeline "700x450"x119.8   43.25  700 724 740 780  450 451 456 463 doublescan +hsync -vsync (55.4 kHz d)
[    25.691] (II) modeset(0): Modeline "640x480"x120.0   54.00  640 688 744 900  480 480 482 500 doublescan +hsync +vsync (60.0 kHz d)
[    25.691] (II) modeset(0): Modeline "640x480"x59.9   25.18  640 656 752 800  480 490 492 525 -hsync -vsync (31.5 kHz d)
[    25.691] (II) modeset(0): Modeline "720x405"x59.5   22.50  720 744 808 896  405 408 413 422 -hsync +vsync (25.1 kHz d)
[    25.691] (II) modeset(0): Modeline "720x405"x59.0   21.75  720 768 800 880  405 408 413 419 +hsync -vsync (24.7 kHz d)
[    25.691] (II) modeset(0): Modeline "684x384"x119.8   42.62  684 720 788 892  384 385 390 399 doublescan -hsync +vsync (47.8 kHz d)
[    25.691] (II) modeset(0): Modeline "684x384"x119.7   36.12  684 708 724 764  384 385 390 395 doublescan +hsync -vsync (47.3 kHz d)
[    25.691] (II) modeset(0): Modeline "680x384"x119.6   42.38  680 716 784 888  384 385 390 399 doublescan -hsync +vsync (47.7 kHz d)
[    25.691] (II) modeset(0): Modeline "680x384"x119.9   36.00  680 704 720 760  384 385 390 395 doublescan +hsync -vsync (47.4 kHz d)
[    25.691] (II) modeset(0): Modeline "640x400"x119.8   41.75  640 676 740 840  400 401 404 415 doublescan -hsync +vsync (49.7 kHz d)
[    25.691] (II) modeset(0): Modeline "640x400"x120.0   35.50  640 664 680 720  400 401 404 411 doublescan +hsync -vsync (49.3 kHz d)
[    25.691] (II) modeset(0): Modeline "576x432"x120.1   40.81  576 608 668 760  432 432 434 447 doublescan -hsync +vsync (53.7 kHz d)
[    25.691] (II) modeset(0): Modeline "640x360"x119.7   37.25  640 672 736 832  360 361 364 374 doublescan -hsync +vsync (44.8 kHz d)
[    25.691] (II) modeset(0): Modeline "640x360"x119.7   31.88  640 664 680 720  360 361 364 370 doublescan +hsync -vsync (44.3 kHz d)
[    25.691] (II) modeset(0): Modeline "640x360"x59.8   18.00  640 664 720 800  360 363 368 376 -hsync +vsync (22.5 kHz d)
[    25.691] (II) modeset(0): Modeline "640x360"x59.3   17.75  640 688 720 800  360 363 368 374 +hsync -vsync (22.2 kHz d)
[    25.691] (II) modeset(0): Modeline "512x384"x120.0   32.50  512 524 592 672  384 385 388 403 doublescan -hsync -vsync (48.4 kHz d)
[    25.691] (II) modeset(0): Modeline "512x288"x120.0   23.25  512 532 580 648  288 289 292 299 doublescan -hsync +vsync (35.9 kHz d)
[    25.691] (II) modeset(0): Modeline "512x288"x119.8   21.00  512 536 552 592  288 289 292 296 doublescan +hsync -vsync (35.5 kHz d)
[    25.691] (II) modeset(0): Modeline "480x270"x119.3   20.38  480 496 544 608  270 271 274 281 doublescan -hsync +vsync (33.5 kHz d)
[    25.691] (II) modeset(0): Modeline "480x270"x119.6   18.62  480 504 520 560  270 271 274 278 doublescan +hsync -vsync (33.3 kHz d)
[    25.691] (II) modeset(0): Modeline "400x300"x120.6   20.00  400 420 484 528  300 300 302 314 doublescan +hsync +vsync (37.9 kHz d)
[    25.691] (II) modeset(0): Modeline "400x300"x112.7   18.00  400 412 448 512  300 300 301 312 doublescan +hsync +vsync (35.2 kHz d)
[    25.691] (II) modeset(0): Modeline "432x243"x119.8   16.25  432 444 484 536  243 244 247 253 doublescan -hsync +vsync (30.3 kHz d)
[    25.691] (II) modeset(0): Modeline "432x243"x119.1   15.25  432 456 472 512  243 244 247 250 doublescan +hsync -vsync (29.8 kHz d)
[    25.691] (II) modeset(0): Modeline "320x240"x120.1   12.59  320 328 376 400  240 245 246 262 doublescan -hsync -vsync (31.5 kHz d)
[    25.691] (II) modeset(0): Modeline "360x202"x119.0   11.25  360 372 404 448  202 204 206 211 doublescan -hsync +vsync (25.1 kHz d)
[    25.692] (II) modeset(0): Modeline "360x202"x118.3   10.88  360 384 400 440  202 204 206 209 doublescan +hsync -vsync (24.7 kHz d)
[    25.692] (II) modeset(0): Modeline "320x180"x119.7    9.00  320 332 360 400  180 181 184 188 doublescan -hsync +vsync (22.5 kHz d)
[    25.692] (II) modeset(0): Modeline "320x180"x118.6    8.88  320 344 360 400  180 181 184 187 doublescan +hsync -vsync (22.2 kHz d)
[    25.692] (II) modeset(0): EDID for output DP-1
[    25.709] (II) modeset(0): EDID for output HDMI-1
[    25.709] (II) modeset(0): EDID for output DP-2
[    25.714] (II) modeset(0): EDID for output HDMI-2
[    25.714] (II) modeset(0): Output eDP-1 connected
[    25.714] (II) modeset(0): Output DP-1 disconnected
[    25.714] (II) modeset(0): Output HDMI-1 disconnected
[    25.714] (II) modeset(0): Output DP-2 disconnected
[    25.714] (II) modeset(0): Output HDMI-2 disconnected
[    25.714] (II) modeset(0): Using exact sizes for initial modes
[    25.714] (II) modeset(0): Output eDP-1 using initial mode 1920x1080 +0+0
[    25.715] (==) modeset(0): Using gamma correction (1.0, 1.0, 1.0)
[    25.715] (==) modeset(0): DPI set to (96, 96)
[    25.715] (II) Loading sub module "fb"
[    25.715] (II) LoadModule: "fb"
[    25.715] (II) Loading /usr/lib/xorg/modules/libfb.so
[    25.718] (II) Module fb: vendor="X.Org Foundation"
[    25.718] 	compiled for 1.20.4, module version = 1.0.0
[    25.718] 	ABI class: X.Org ANSI C Emulation, version 0.4
[    25.718] (II) UnloadModule: "fbdev"
[    25.718] (II) Unloading fbdev
[    25.718] (II) UnloadSubModule: "fbdevhw"
[    25.718] (II) Unloading fbdevhw
[    25.718] (II) UnloadModule: "vesa"
[    25.718] (II) Unloading vesa
[    25.740] (==) modeset(0): Backing store enabled
[    25.740] (==) modeset(0): Silken mouse enabled
[    25.780] (II) modeset(0): Initializing kms color map for depth 24, 8 bpc.
[    25.780] (==) modeset(0): DPMS enabled
[    25.781] (II) modeset(0): [DRI2] Setup complete
[    25.781] (II) modeset(0): [DRI2]   DRI driver: i965
[    25.781] (II) modeset(0): [DRI2]   VDPAU driver: i965
[    25.781] (II) Initializing extension Generic Event Extension
[    25.781] (II) Initializing extension SHAPE
[    25.781] (II) Initializing extension MIT-SHM
[    25.782] (II) Initializing extension XInputExtension
[    25.782] (II) Initializing extension XTEST
[    25.782] (II) Initializing extension BIG-REQUESTS
[    25.782] (II) Initializing extension SYNC
[    25.782] (II) Initializing extension XKEYBOARD
[    25.783] (II) Initializing extension XC-MISC
[    25.783] (II) Initializing extension SECURITY
[    25.783] (II) Initializing extension XFIXES
[    25.783] (II) Initializing extension RENDER
[    25.783] (II) Initializing extension RANDR
[    25.784] (II) Initializing extension COMPOSITE
[    25.784] (II) Initializing extension DAMAGE
[    25.784] (II) Initializing extension MIT-SCREEN-SAVER
[    25.784] (II) Initializing extension DOUBLE-BUFFER
[    25.784] (II) Initializing extension RECORD
[    25.785] (II) Initializing extension DPMS
[    25.785] (II) Initializing extension Present
[    25.785] (II) Initializing extension DRI3
[    25.785] (II) Initializing extension X-Resource
[    25.785] (II) Initializing extension XVideo
[    25.786] (II) Initializing extension XVideo-MotionCompensation
[    25.786] (II) Initializing extension SELinux
[    25.786] (II) SELinux: Disabled on system
[    25.786] (II) Initializing extension GLX
[    25.797] (II) AIGLX: Loaded and initialized i965
[    25.797] (II) GLX: Initialized DRI2 GL provider for screen 0
[    25.797] (II) Initializing extension XFree86-VidModeExtension
[    25.797] (II) Initializing extension XFree86-DGA
[    25.797] (II) Initializing extension XFree86-DRI
[    25.797] (II) Initializing extension DRI2
[    25.825] (II) modeset(0): Damage tracking initialized
[    25.825] (II) modeset(0): Setting screen physical size to 508 x 285
[    26.045] (II) config/udev: Adding input device Power Button (/dev/input/event4)
[    26.045] (**) Power Button: Applying InputClass "libinput keyboard catchall"
[    26.045] (II) LoadModule: "libinput"
[    26.045] (II) Loading /usr/lib/xorg/modules/input/libinput_drv.so
[    26.071] (II) Module libinput: vendor="X.Org Foundation"
[    26.071] 	compiled for 1.20.4, module version = 0.28.2
[    26.071] 	Module class: X.Org XInput Driver
[    26.072] 	ABI class: X.Org XInput driver, version 24.1
[    26.072] (II) Using input driver 'libinput' for 'Power Button'
[    26.075] (II) systemd-logind: got fd for /dev/input/event4 13:68 fd 21 paused 0
[    26.075] (**) Power Button: always reports core events
[    26.075] (**) Option "Device" "/dev/input/event4"
[    26.075] (**) Option "_source" "server/udev"
[    26.077] (II) event4  - Power Button: is tagged by udev as: Keyboard
[    26.077] (II) event4  - Power Button: device is a keyboard
[    26.077] (II) event4  - Power Button: device removed
[    26.077] (**) Option "config_info" "udev:/sys/devices/LNXSYSTM:00/LNXPWRBN:00/input/input4/event4"
[    26.077] (II) XINPUT: Adding extended input device "Power Button" (type: KEYBOARD, id 6)
[    26.077] (**) Option "xkb_model" "pc105"
[    26.077] (**) Option "xkb_layout" "fr"
[    26.077] (**) Option "xkb_variant" "latin9"
[    26.212] (II) event4  - Power Button: is tagged by udev as: Keyboard
[    26.212] (II) event4  - Power Button: device is a keyboard
[    26.213] (II) config/udev: Adding input device Video Bus (/dev/input/event7)
[    26.213] (**) Video Bus: Applying InputClass "libinput keyboard catchall"
[    26.213] (II) Using input driver 'libinput' for 'Video Bus'
[    26.216] (II) systemd-logind: got fd for /dev/input/event7 13:71 fd 24 paused 0
[    26.216] (**) Video Bus: always reports core events
[    26.216] (**) Option "Device" "/dev/input/event7"
[    26.216] (**) Option "_source" "server/udev"
[    26.217] (II) event7  - Video Bus: is tagged by udev as: Keyboard
[    26.217] (II) event7  - Video Bus: device is a keyboard
[    26.217] (II) event7  - Video Bus: device removed
[    26.217] (**) Option "config_info" "udev:/sys/devices/LNXSYSTM:00/LNXSYBUS:00/PNP0A08:00/LNXVIDEO:00/input/input7/event7"
[    26.217] (II) XINPUT: Adding extended input device "Video Bus" (type: KEYBOARD, id 7)
[    26.217] (**) Option "xkb_model" "pc105"
[    26.217] (**) Option "xkb_layout" "fr"
[    26.217] (**) Option "xkb_variant" "latin9"
[    26.218] (II) event7  - Video Bus: is tagged by udev as: Keyboard
[    26.219] (II) event7  - Video Bus: device is a keyboard
[    26.219] (II) config/udev: Adding input device Power Button (/dev/input/event2)
[    26.219] (**) Power Button: Applying InputClass "libinput keyboard catchall"
[    26.219] (II) Using input driver 'libinput' for 'Power Button'
[    26.225] (II) systemd-logind: got fd for /dev/input/event2 13:66 fd 25 paused 0
[    26.225] (**) Power Button: always reports core events
[    26.225] (**) Option "Device" "/dev/input/event2"
[    26.225] (**) Option "_source" "server/udev"
[    26.226] (II) event2  - Power Button: is tagged by udev as: Keyboard
[    26.226] (II) event2  - Power Button: device is a keyboard
[    26.226] (II) event2  - Power Button: device removed
[    26.226] (**) Option "config_info" "udev:/sys/devices/LNXSYSTM:00/LNXSYBUS:00/PNP0C0C:00/input/input2/event2"
[    26.226] (II) XINPUT: Adding extended input device "Power Button" (type: KEYBOARD, id 8)
[    26.226] (**) Option "xkb_model" "pc105"
[    26.226] (**) Option "xkb_layout" "fr"
[    26.226] (**) Option "xkb_variant" "latin9"
[    26.227] (II) event2  - Power Button: is tagged by udev as: Keyboard
[    26.227] (II) event2  - Power Button: device is a keyboard
[    26.227] (II) config/udev: Adding input device Lid Switch (/dev/input/event1)
[    26.227] (II) No input driver specified, ignoring this device.
[    26.227] (II) This device may have been added with another device file.
[    26.228] (II) config/udev: Adding input device Sleep Button (/dev/input/event3)
[    26.229] (**) Sleep Button: Applying InputClass "libinput keyboard catchall"
[    26.229] (II) Using input driver 'libinput' for 'Sleep Button'
[    26.232] (II) systemd-logind: got fd for /dev/input/event3 13:67 fd 26 paused 0
[    26.232] (**) Sleep Button: always reports core events
[    26.232] (**) Option "Device" "/dev/input/event3"
[    26.232] (**) Option "_source" "server/udev"
[    26.233] (II) event3  - Sleep Button: is tagged by udev as: Keyboard
[    26.233] (II) event3  - Sleep Button: device is a keyboard
[    26.233] (II) event3  - Sleep Button: device removed
[    26.233] (**) Option "config_info" "udev:/sys/devices/LNXSYSTM:00/LNXSYBUS:00/PNP0C0E:00/input/input3/event3"
[    26.233] (II) XINPUT: Adding extended input device "Sleep Button" (type: KEYBOARD, id 9)
[    26.233] (**) Option "xkb_model" "pc105"
[    26.233] (**) Option "xkb_layout" "fr"
[    26.233] (**) Option "xkb_variant" "latin9"
[    26.234] (II) event3  - Sleep Button: is tagged by udev as: Keyboard
[    26.234] (II) event3  - Sleep Button: device is a keyboard
[    26.235] (II) config/udev: Adding input device Logitech M325 (/dev/input/event8)
[    26.235] (**) Logitech M325: Applying InputClass "libinput pointer catchall"
[    26.235] (II) Using input driver 'libinput' for 'Logitech M325'
[    26.240] (II) systemd-logind: got fd for /dev/input/event8 13:72 fd 27 paused 0
[    26.240] (**) Logitech M325: always reports core events
[    26.240] (**) Option "Device" "/dev/input/event8"
[    26.240] (**) Option "_source" "server/udev"
[    26.242] (II) event8  - Logitech M325: is tagged by udev as: Mouse
[    26.242] (II) event8  - Logitech M325: device set to 600 DPI
[    26.242] (II) event8  - Logitech M325: device is a pointer
[    26.242] (II) event8  - Logitech M325: device removed
[    26.242] (**) Option "config_info" "udev:/sys/devices/pci0000:00/0000:00:14.0/usb1/1-1/1-1:1.2/0003:046D:C52B.0004/0003:046D:400A.0005/input/input12/event8"
[    26.242] (II) XINPUT: Adding extended input device "Logitech M325" (type: MOUSE, id 10)
[    26.243] (**) Option "AccelerationScheme" "none"
[    26.243] (**) Logitech M325: (accel) selected scheme none/0
[    26.243] (**) Logitech M325: (accel) acceleration factor: 2.000
[    26.243] (**) Logitech M325: (accel) acceleration threshold: 4
[    26.244] (II) event8  - Logitech M325: is tagged by udev as: Mouse
[    26.244] (II) event8  - Logitech M325: device set to 600 DPI
[    26.244] (II) event8  - Logitech M325: device is a pointer
[    26.245] (II) config/udev: Adding input device Logitech M325 (/dev/input/mouse2)
[    26.245] (II) No input driver specified, ignoring this device.
[    26.245] (II) This device may have been added with another device file.
[    26.261] (II) config/udev: Adding input device Integrated_Webcam_HD: Integrate (/dev/input/event20)
[    26.261] (**) Integrated_Webcam_HD: Integrate: Applying InputClass "libinput keyboard catchall"
[    26.261] (II) Using input driver 'libinput' for 'Integrated_Webcam_HD: Integrate'
[    26.265] (II) systemd-logind: got fd for /dev/input/event20 13:84 fd 28 paused 0
[    26.265] (**) Integrated_Webcam_HD: Integrate: always reports core events
[    26.265] (**) Option "Device" "/dev/input/event20"
[    26.265] (**) Option "_source" "server/udev"
[    26.279] (II) event20 - Integrated_Webcam_HD: Integrate: is tagged by udev as: Keyboard
[    26.279] (II) event20 - Integrated_Webcam_HD: Integrate: device is a keyboard
[    26.279] (II) event20 - Integrated_Webcam_HD: Integrate: device removed
[    26.279] (**) Option "config_info" "udev:/sys/devices/pci0000:00/0000:00:14.0/usb1/1-5/1-5:1.0/input/input24/event20"
[    26.279] (II) XINPUT: Adding extended input device "Integrated_Webcam_HD: Integrate" (type: KEYBOARD, id 11)
[    26.279] (**) Option "xkb_model" "pc105"
[    26.279] (**) Option "xkb_layout" "fr"
[    26.279] (**) Option "xkb_variant" "latin9"
[    26.281] (II) event20 - Integrated_Webcam_HD: Integrate: is tagged by udev as: Keyboard
[    26.281] (II) event20 - Integrated_Webcam_HD: Integrate: device is a keyboard
[    26.284] (II) config/udev: Adding input device DLL07A0:01 044E:120B (/dev/input/event6)
[    26.284] (**) DLL07A0:01 044E:120B: Applying InputClass "libinput touchpad catchall"
[    26.284] (II) Using input driver 'libinput' for 'DLL07A0:01 044E:120B'
[    26.287] (II) systemd-logind: got fd for /dev/input/event6 13:70 fd 29 paused 0
[    26.287] (**) DLL07A0:01 044E:120B: always reports core events
[    26.301] (**) Option "Device" "/dev/input/event6"
[    26.301] (**) Option "_source" "server/udev"
[    26.306] (II) event6  - DLL07A0:01 044E:120B: is tagged by udev as: Touchpad
[    26.308] (II) event6  - DLL07A0:01 044E:120B: device is a touchpad
[    26.308] (II) event6  - DLL07A0:01 044E:120B: device removed
[    26.308] (**) Option "config_info" "udev:/sys/devices/pci0000:00/0000:00:15.1/i2c_designware.1/i2c-5/i2c-DLL07A0:01/0018:044E:120B.0001/input/input5/event6"
[    26.308] (II) XINPUT: Adding extended input device "DLL07A0:01 044E:120B" (type: TOUCHPAD, id 12)
[    26.319] (**) Option "AccelerationScheme" "none"
[    26.319] (**) DLL07A0:01 044E:120B: (accel) selected scheme none/0
[    26.319] (**) DLL07A0:01 044E:120B: (accel) acceleration factor: 2.000
[    26.319] (**) DLL07A0:01 044E:120B: (accel) acceleration threshold: 4
[    26.320] (II) event6  - DLL07A0:01 044E:120B: is tagged by udev as: Touchpad
[    26.323] (II) event6  - DLL07A0:01 044E:120B: device is a touchpad
[    26.324] (II) config/udev: Adding input device DLL07A0:01 044E:120B (/dev/input/mouse1)
[    26.324] (II) No input driver specified, ignoring this device.
[    26.324] (II) This device may have been added with another device file.
[    26.324] (II) config/udev: Adding input device DualPoint Stick (/dev/input/event5)
[    26.324] (**) DualPoint Stick: Applying InputClass "libinput pointer catchall"
[    26.324] (II) Using input driver 'libinput' for 'DualPoint Stick'
[    26.338] (II) systemd-logind: got fd for /dev/input/event5 13:69 fd 30 paused 0
[    26.338] (**) DualPoint Stick: always reports core events
[    26.338] (**) Option "Device" "/dev/input/event5"
[    26.338] (**) Option "_source" "server/udev"
[    26.339] (II) event5  - DualPoint Stick: is tagged by udev as: Mouse Pointingstick
[    26.340] (II) event5  - DualPoint Stick: device is a pointer
[    26.346] (II) event5  - DualPoint Stick: device removed
[    26.346] (**) Option "config_info" "udev:/sys/devices/pci0000:00/0000:00:15.1/i2c_designware.1/i2c-5/i2c-DLL07A0:01/0018:044E:120B.0001/input/input6/event5"
[    26.346] (II) XINPUT: Adding extended input device "DualPoint Stick" (type: MOUSE, id 13)
[    26.346] (**) Option "AccelerationScheme" "none"
[    26.346] (**) DualPoint Stick: (accel) selected scheme none/0
[    26.346] (**) DualPoint Stick: (accel) acceleration factor: 2.000
[    26.346] (**) DualPoint Stick: (accel) acceleration threshold: 4
[    26.348] (II) event5  - DualPoint Stick: is tagged by udev as: Mouse Pointingstick
[    26.348] (II) event5  - DualPoint Stick: device is a pointer
[    26.350] (II) config/udev: Adding input device DualPoint Stick (/dev/input/mouse0)
[    26.350] (II) No input driver specified, ignoring this device.
[    26.350] (II) This device may have been added with another device file.
[    26.351] (II) config/udev: Adding input device HDA Digital PCBeep (/dev/input/event13)
[    26.351] (II) No input driver specified, ignoring this device.
[    26.351] (II) This device may have been added with another device file.
[    26.351] (II) config/udev: Adding input device HDA Intel PCH Headphone Mic (/dev/input/event14)
[    26.351] (II) No input driver specified, ignoring this device.
[    26.351] (II) This device may have been added with another device file.
[    26.351] (II) config/udev: Adding input device HDA Intel PCH HDMI/DP,pcm=3 (/dev/input/event15)
[    26.352] (II) No input driver specified, ignoring this device.
[    26.352] (II) This device may have been added with another device file.
[    26.352] (II) config/udev: Adding input device HDA Intel PCH HDMI/DP,pcm=7 (/dev/input/event16)
[    26.352] (II) No input driver specified, ignoring this device.
[    26.352] (II) This device may have been added with another device file.
[    26.352] (II) config/udev: Adding input device HDA Intel PCH HDMI/DP,pcm=8 (/dev/input/event17)
[    26.352] (II) No input driver specified, ignoring this device.
[    26.352] (II) This device may have been added with another device file.
[    26.353] (II) config/udev: Adding input device HDA Intel PCH HDMI/DP,pcm=9 (/dev/input/event18)
[    26.353] (II) No input driver specified, ignoring this device.
[    26.353] (II) This device may have been added with another device file.
[    26.353] (II) config/udev: Adding input device HDA Intel PCH HDMI/DP,pcm=10 (/dev/input/event19)
[    26.353] (II) No input driver specified, ignoring this device.
[    26.353] (II) This device may have been added with another device file.
[    26.353] (II) config/udev: Adding input device Intel HID events (/dev/input/event9)
[    26.354] (**) Intel HID events: Applying InputClass "libinput keyboard catchall"
[    26.354] (II) Using input driver 'libinput' for 'Intel HID events'
[    26.374] (II) systemd-logind: got fd for /dev/input/event9 13:73 fd 31 paused 0
[    26.374] (**) Intel HID events: always reports core events
[    26.374] (**) Option "Device" "/dev/input/event9"
[    26.374] (**) Option "_source" "server/udev"
[    26.376] (II) event9  - Intel HID events: is tagged by udev as: Keyboard
[    26.376] (II) event9  - Intel HID events: device is a keyboard
[    26.376] (II) event9  - Intel HID events: device removed
[    26.376] (**) Option "config_info" "udev:/sys/devices/platform/INT33D5:00/input/input13/event9"
[    26.376] (II) XINPUT: Adding extended input device "Intel HID events" (type: KEYBOARD, id 14)
[    26.376] (**) Option "xkb_model" "pc105"
[    26.377] (**) Option "xkb_layout" "fr"
[    26.377] (**) Option "xkb_variant" "latin9"
[    26.377] (II) event9  - Intel HID events: is tagged by udev as: Keyboard
[    26.377] (II) event9  - Intel HID events: device is a keyboard
[    26.378] (II) config/udev: Adding input device Intel HID 5 button array (/dev/input/event10)
[    26.378] (**) Intel HID 5 button array: Applying InputClass "libinput keyboard catchall"
[    26.378] (II) Using input driver 'libinput' for 'Intel HID 5 button array'
[    26.386] (II) systemd-logind: got fd for /dev/input/event10 13:74 fd 32 paused 0
[    26.386] (**) Intel HID 5 button array: always reports core events
[    26.386] (**) Option "Device" "/dev/input/event10"
[    26.386] (**) Option "_source" "server/udev"
[    26.386] (II) event10 - Intel HID 5 button array: is tagged by udev as: Keyboard
[    26.386] (II) event10 - Intel HID 5 button array: device is a keyboard
[    26.387] (II) event10 - Intel HID 5 button array: device removed
[    26.387] (**) Option "config_info" "udev:/sys/devices/platform/INT33D5:00/input/input14/event10"
[    26.387] (II) XINPUT: Adding extended input device "Intel HID 5 button array" (type: KEYBOARD, id 15)
[    26.387] (**) Option "xkb_model" "pc105"
[    26.387] (**) Option "xkb_layout" "fr"
[    26.387] (**) Option "xkb_variant" "latin9"
[    26.388] (II) event10 - Intel HID 5 button array: is tagged by udev as: Keyboard
[    26.388] (II) event10 - Intel HID 5 button array: device is a keyboard
[    26.405] (II) config/udev: Adding input device Dell WMI hotkeys (/dev/input/event12)
[    26.405] (**) Dell WMI hotkeys: Applying InputClass "libinput keyboard catchall"
[    26.405] (II) Using input driver 'libinput' for 'Dell WMI hotkeys'
[    26.444] (II) systemd-logind: got fd for /dev/input/event12 13:76 fd 33 paused 0
[    26.444] (**) Dell WMI hotkeys: always reports core events
[    26.444] (**) Option "Device" "/dev/input/event12"
[    26.444] (**) Option "_source" "server/udev"
[    26.445] (II) event12 - Dell WMI hotkeys: is tagged by udev as: Keyboard
[    26.445] (II) event12 - Dell WMI hotkeys: device is a keyboard
[    26.445] (II) event12 - Dell WMI hotkeys: device removed
[    26.445] (**) Option "config_info" "udev:/sys/devices/platform/PNP0C14:01/wmi_bus/wmi_bus-PNP0C14:01/9DBB5994-A997-11DA-B012-B622A1EF5492/input/input16/event12"
[    26.445] (II) XINPUT: Adding extended input device "Dell WMI hotkeys" (type: KEYBOARD, id 16)
[    26.445] (**) Option "xkb_model" "pc105"
[    26.445] (**) Option "xkb_layout" "fr"
[    26.445] (**) Option "xkb_variant" "latin9"
[    26.470] (II) event12 - Dell WMI hotkeys: is tagged by udev as: Keyboard
[    26.470] (II) event12 - Dell WMI hotkeys: device is a keyboard
[    26.471] (II) config/udev: Adding input device AT Translated Set 2 keyboard (/dev/input/event0)
[    26.471] (**) AT Translated Set 2 keyboard: Applying InputClass "libinput keyboard catchall"
[    26.471] (II) Using input driver 'libinput' for 'AT Translated Set 2 keyboard'
[    26.480] (II) systemd-logind: got fd for /dev/input/event0 13:64 fd 34 paused 0
[    26.480] (**) AT Translated Set 2 keyboard: always reports core events
[    26.480] (**) Option "Device" "/dev/input/event0"
[    26.480] (**) Option "_source" "server/udev"
[    26.481] (II) event0  - AT Translated Set 2 keyboard: is tagged by udev as: Keyboard
[    26.481] (II) event0  - AT Translated Set 2 keyboard: device is a keyboard
[    26.482] (II) event0  - AT Translated Set 2 keyboard: device removed
[    26.482] (**) Option "config_info" "udev:/sys/devices/platform/i8042/serio0/input/input0/event0"
[    26.482] (II) XINPUT: Adding extended input device "AT Translated Set 2 keyboard" (type: KEYBOARD, id 17)
[    26.482] (**) Option "xkb_model" "pc105"
[    26.482] (**) Option "xkb_layout" "fr"
[    26.482] (**) Option "xkb_variant" "latin9"
[    26.484] (II) event0  - AT Translated Set 2 keyboard: is tagged by udev as: Keyboard
[    26.484] (II) event0  - AT Translated Set 2 keyboard: device is a keyboard
[    26.485] (II) config/udev: Adding input device PC Speaker (/dev/input/event11)
[    26.485] (II) No input driver specified, ignoring this device.
[    26.485] (II) This device may have been added with another device file.
[    34.197] (EE) event6  - DLL07A0:01 044E:120B: kernel bug: Touch jump detected and discarded.
See https://wayland.freedesktop.org/libinput/doc/1.12.6/touchpad-jumping-cursors.html for details
[    64.226] (EE) event6  - DLL07A0:01 044E:120B: kernel bug: Touch jump detected and discarded.
See https://wayland.freedesktop.org/libinput/doc/1.12.6/touchpad-jumping-cursors.html for details
[    94.453] (EE) event6  - DLL07A0:01 044E:120B: kernel bug: Touch jump detected and discarded.
See https://wayland.freedesktop.org/libinput/doc/1.12.6/touchpad-jumping-cursors.html for details
[   147.728] (EE) event6  - DLL07A0:01 044E:120B: kernel bug: Touch jump detected and discarded.
See https://wayland.freedesktop.org/libinput/doc/1.12.6/touchpad-jumping-cursors.html for details
[   209.493] (EE) event6  - DLL07A0:01 044E:120B: kernel bug: Touch jump detected and discarded.
See https://wayland.freedesktop.org/libinput/doc/1.12.6/touchpad-jumping-cursors.html for details
[   227.612] (EE) event6  - DLL07A0:01 044E:120B: kernel bug: Touch jump detected and discarded.
See https://wayland.freedesktop.org/libinput/doc/1.12.6/touchpad-jumping-cursors.html for details
[   438.735] (EE) event6  - DLL07A0:01 044E:120B: kernel bug: Touch jump detected and discarded.
See https://wayland.freedesktop.org/libinput/doc/1.12.6/touchpad-jumping-cursors.html for details
